sample.interval=20000
"tryCatch" ".rs.getHelpFromObject" ".rs.getHelpFunction" "<Anonymous>" 
"getExportedValue" "::" "formals" "as.list" ".rs.getHelpFromObject" ".rs.getHelpFunction" "<Anonymous>" 
"match" "%in%" ".rs.getHelpFromObject" ".rs.getHelpFunction" "<Anonymous>" 
"fsub" "htmlify" "isBlankLineRd" "addParaBreaks" "writeLines" "writeLinesUTF8" "of1" "writeBlock" "writeContent" "writeSection" "Rd2HTML" "<Anonymous>" ".rs.getHelp" ".rs.getHelpFromObject" ".rs.getHelpFunction" "<Anonymous>" 
"file.info" "file_test" "data" "withCallingHandlers" "suppressWarnings" "doTryCatch" "tryCatchOne" "tryCatchList" "tryCatch" ".rs.getHelpFromObject" ".rs.getHelpFunction" "<Anonymous>" 
"lazyLoadDBfetch" "mget" "doTryCatch" "tryCatchOne" "tryCatchList" "tryCatch" ".rs.getHelpFromObject" ".rs.getHelpFunction" "<Anonymous>" 
"lazyLoadDBfetch" "mget" "doTryCatch" "tryCatchOne" "tryCatchList" "tryCatch" ".rs.getHelpFromObject" ".rs.getHelpFunction" "<Anonymous>" 
"lazyLoadDBfetch" "mget" "doTryCatch" "tryCatchOne" "tryCatchList" "tryCatch" ".rs.getHelpFromObject" ".rs.getHelpFunction" "<Anonymous>" 
"do.call" "doTryCatch" "tryCatchOne" "tryCatchList" "tryCatch" ".rs.getHelpFromObject" ".rs.getHelpFunction" "<Anonymous>" 
"do.call" "doTryCatch" "tryCatchOne" "tryCatchList" "tryCatch" ".rs.getHelpFromObject" ".rs.getHelpFunction" "<Anonymous>" 
"<Anonymous>" "do.call" "doTryCatch" "tryCatchOne" "tryCatchList" "tryCatch" ".rs.getHelpFromObject" ".rs.getHelpFunction" "<Anonymous>" 
"tryCatchOne" "tryCatchList" "tryCatch" ".rs.getHelpFromObject" ".rs.getHelpFunction" "<Anonymous>" 
"writeBlock" "writeContent" "writeContent" "writeSection" "Rd2HTML" "<Anonymous>" ".rs.getHelp" ".rs.getHelpFromObject" ".rs.getHelpFunction" "<Anonymous>" 
"sapply" "RdTags" "get_link" "writeLink" "writeBlock" "writeContent" "writeWrapped" "writeBlock" "writeContent" "writeSection" "Rd2HTML" "<Anonymous>" ".rs.getHelp" ".rs.getHelpFromObject" ".rs.getHelpFunction" "<Anonymous>" 
"do.call" "doTryCatch" "tryCatchOne" "tryCatchList" "tryCatch" ".rs.getHelpFromObject" ".rs.getHelpFunction" "<Anonymous>" 
"get" "getExportedValue" "::" "formals" "as.list" ".rs.getHelpFromObject" ".rs.getHelpFunction" "<Anonymous>" 
"psub" "htmlify" "isBlankLineRd" "addParaBreaks" "writeLines" "writeLinesUTF8" "of1" "writeBlock" "writeContent" "writeSection" "Rd2HTML" "<Anonymous>" ".rs.getHelp" ".rs.getHelpFromObject" ".rs.getHelpFunction" "<Anonymous>" 
"<Anonymous>" "do.call" "doTryCatch" "tryCatchOne" "tryCatchList" "tryCatch" ".rs.getHelpFromObject" ".rs.getHelpFunction" "<Anonymous>" 
"formals" "as.list" ".rs.getHelpFromObject" ".rs.getHelpFunction" "<Anonymous>" 
"close.connection" "close" "readRDS" "<Anonymous>" ".rs.getHelp" ".rs.getHelpFromObject" ".rs.getHelpFunction" "<Anonymous>" 
"grep" "isBlankRd" "writeWrapped" "writeBlock" "writeContent" "writeSection" "Rd2HTML" "<Anonymous>" ".rs.getHelp" ".rs.getHelpFromObject" ".rs.getHelpFunction" "<Anonymous>" 
"close.connection" "close" "readRDS" "data" "withCallingHandlers" "suppressWarnings" "doTryCatch" "tryCatchOne" "tryCatchList" "tryCatch" ".rs.getHelpFromObject" ".rs.getHelpFunction" "<Anonymous>" 
"get" "getExportedValue" "::" "formals" "as.list" ".rs.getHelpFromObject" ".rs.getHelpFunction" "<Anonymous>" 
"as.list" ".rs.getHelpFromObject" ".rs.getHelpFunction" "<Anonymous>" 
"psub" "htmlify" "isBlankLineRd" "addParaBreaks" "writeLines" "writeLinesUTF8" "of1" "writeBlock" "writeContent" "writeSection" "Rd2HTML" "<Anonymous>" ".rs.getHelp" ".rs.getHelpFromObject" ".rs.getHelpFunction" "<Anonymous>" 
"lazyLoadDBfetch" "mget" "doTryCatch" "tryCatchOne" "tryCatchList" "tryCatch" ".rs.getHelpFromObject" ".rs.getHelpFunction" "<Anonymous>" 
"lazyLoadDBfetch" "mget" "doTryCatch" "tryCatchOne" "tryCatchList" "tryCatch" ".rs.getHelpFromObject" ".rs.getHelpFunction" "<Anonymous>" 
"formals" "as.list" ".rs.getHelpFromObject" ".rs.getHelpFunction" "<Anonymous>" 
".rs.getHelpFromObject" ".rs.getHelpFunction" "<Anonymous>" 
".rs.getHelpFromObject" ".rs.getHelpFunction" "<Anonymous>" 
".rs.getHelpFromObject" ".rs.getHelpFunction" "<Anonymous>" 
"psub" "htmlify" "isBlankLineRd" "addParaBreaks" "writeLines" "writeLinesUTF8" "of1" "writeBlock" "writeContent" "writeContent" "writeSection" "Rd2HTML" "<Anonymous>" ".rs.getHelp" ".rs.getHelpFromObject" ".rs.getHelpFunction" "<Anonymous>" 
"writeContent" "writeSection" "Rd2HTML" "<Anonymous>" ".rs.getHelp" ".rs.getHelpFromObject" ".rs.getHelpFunction" "<Anonymous>" 
".rs.normalizePath" "withCallingHandlers" "suppressWarnings" "<Anonymous>" 
"strrpad" ".encode_numeric_version" "split" "Ops.numeric_version" "loadNamespace" "doTryCatch" "tryCatchOne" "tryCatchList" "tryCatch" "try" "library" 
"lazyLoadDBfetch" "<Anonymous>" "loadNamespace" "asNamespace" "namespaceImportFrom" "loadNamespace" "doTryCatch" "tryCatchOne" "tryCatchList" "tryCatch" "try" "library" 
".getGeneric" "getGeneric" ".recMembers" "getGroupMembers" ".checkGroupSigLength" "Recall" ".checkGroupSigLength" ".updateMethodsInTable" "<Anonymous>" "loadNamespace" "asNamespace" "namespaceImportFrom" "loadNamespace" "doTryCatch" "tryCatchOne" "tryCatchList" "tryCatch" "try" "library" 
"<Anonymous>" "lazyLoadDBfetch" "<Anonymous>" "lazyLoadDBfetch" "<Anonymous>" "lazyLoadDBfetch" ".updateMethodsInTable" "<Anonymous>" "loadNamespace" "asNamespace" "namespaceImportFrom" "loadNamespace" "doTryCatch" "tryCatchOne" "tryCatchList" "tryCatch" "try" "library" 
"match.fun" "lapply" ".checkGroupSigLength" ".updateMethodsInTable" ".updateMethodsInTable" ".updateMethodsInTable" "<Anonymous>" "loadNamespace" "asNamespace" "namespaceImportFrom" "loadNamespace" "doTryCatch" "tryCatchOne" "tryCatchList" "tryCatch" "try" "library" 
"match.fun" "lapply" ".checkGroupSigLength" ".updateMethodsInTable" ".updateMethodsInTable" ".updateMethodsInTable" "<Anonymous>" "loadNamespace" "asNamespace" "namespaceImportFrom" "loadNamespace" "doTryCatch" "tryCatchOne" "tryCatchList" "tryCatch" "try" "library" 
"match.fun" "lapply" ".checkGroupSigLength" ".updateMethodsInTable" ".updateMethodsInTable" ".updateMethodsInTable" "<Anonymous>" "loadNamespace" "asNamespace" "namespaceImportFrom" "loadNamespace" "doTryCatch" "tryCatchOne" "tryCatchList" "tryCatch" "try" "library" 
"match.fun" "lapply" ".checkGroupSigLength" ".updateMethodsInTable" ".updateMethodsInTable" ".updateMethodsInTable" "<Anonymous>" "loadNamespace" "asNamespace" "namespaceImportFrom" "loadNamespace" "doTryCatch" "tryCatchOne" "tryCatchList" "tryCatch" "try" "library" 
"match" "possibleExtends" "is" "getGeneric" ".recMembers" "Recall" ".recMembers" "getGroupMembers" ".checkGroupSigLength" "Recall" ".checkGroupSigLength" ".updateMethodsInTable" ".updateMethodsInTable" ".updateMethodsInTable" "<Anonymous>" "loadNamespace" "asNamespace" "namespaceImportFrom" "loadNamespace" "doTryCatch" "tryCatchOne" "tryCatchList" "tryCatch" "try" "library" 
"file.exists" "loadNamespace" "asNamespace" "namespaceImportFrom" "loadNamespace" "doTryCatch" "tryCatchOne" "tryCatchList" "tryCatch" "try" "library" 
"match.fun" "lapply" ".encode_numeric_version" "split" "Ops.numeric_version" "loadNamespace" "asNamespace" "namespaceImportFrom" "loadNamespace" "namespaceImport" "loadNamespace" "asNamespace" "namespaceImportFrom" "loadNamespace" "doTryCatch" "tryCatchOne" "tryCatchList" "tryCatch" "try" "library" 
"new.env" "makeNamespace" "loadNamespace" "doTryCatch" "tryCatchOne" "tryCatchList" "tryCatch" "getNamespace" "asNamespace" "getExportedValue" "::" "num_colors" "fun" "doTryCatch" "tryCatchOne" "tryCatchList" "tryCatch" "runHook" "loadNamespace" "asNamespace" "namespaceImportFrom" "loadNamespace" "asNamespace" "namespaceImportFrom" "loadNamespace" "doTryCatch" "tryCatchOne" "tryCatchList" "tryCatch" "try" "library" 
"loadNamespace" "asNamespace" "namespaceImportFrom" "loadNamespace" "doTryCatch" "tryCatchOne" "tryCatchList" "tryCatch" "try" "library" 
"psub" "addParaBreaks" "writeLines" "writeLinesUTF8" "of1" "writeBlock" "writeContent" "writeSection" "Rd2HTML" "<Anonymous>" ".rs.getHelp" ".rs.getHelpFromObject" ".rs.getHelpFunction" "<Anonymous>" 
"readline" "welcome.default" "welcome" "mainMenu.default" "mainMenu" "resume.default" "resume" "<Anonymous>" 
"readline" "welcome.default" "welcome" "mainMenu.default" "mainMenu" "resume.default" "resume" "<Anonymous>" 
".Call" "stri_detect_regex" "str_detect" "welcome.default" "welcome" "mainMenu.default" "mainMenu" "resume.default" "resume" "<Anonymous>" 
"menu" "select.list" "lessonMenu.default" "lessonMenu" "mainMenu.default" "mainMenu" "resume.default" "resume" "<Anonymous>" 
"scan" "read.table" "read.csv" "eval" "eval" "withVisible" "source" "eval" "eval" "eval" "eval" "eval.parent" "local" "loadLesson.default" "loadLesson" "mainMenu.default" "mainMenu" "resume.default" "resume" "<Anonymous>" 
"scan" "read.table" "read.csv" "eval" "eval" "withVisible" "source" "eval" "eval" "eval" "eval" "eval.parent" "local" "loadLesson.default" "loadLesson" "mainMenu.default" "mainMenu" "resume.default" "resume" "<Anonymous>" 
".External2" "type.convert" "read.table" "read.csv" "eval" "eval" "withVisible" "source" "eval" "eval" "eval" "eval" "eval.parent" "local" "loadLesson.default" "loadLesson" "mainMenu.default" "mainMenu" "resume.default" "resume" "<Anonymous>" 
".deparseOpts" "deparse" "mode" "match" "%in%" "deparse" "paste" "force" "as.data.frame.logical" "as.data.frame" "data.frame" "FUN" "lapply" "parse_content.yaml" "parse_content" "loadLesson.default" "loadLesson" "mainMenu.default" "mainMenu" "resume.default" "resume" "<Anonymous>" 
"saveProgress.default" "saveProgress" "resume.default" "resume" "<Anonymous>" 
"readline" "waitUser.default" "<Anonymous>" "resume.default" "resume" "<Anonymous>" 
"readline" "waitUser.default" "<Anonymous>" "resume.default" "resume" "<Anonymous>" 
"readline" "waitUser.default" "<Anonymous>" "resume.default" "resume" "<Anonymous>" 
"print" "capture.output" "safeEval" "mergeLists" "resume.default" "resume" "<Anonymous>" 
".rs.getCompletionsSearchPath" "Reduce" "<Anonymous>" 
"close.connection" "close" "saveRDS" "withCallingHandlers" "suppressWarnings" "withCallingHandlers" "suppressMessages" "saveProgress.default" "saveProgress" "resume.default" "resume" "<Anonymous>" 
"readline" "waitUser.default" "<Anonymous>" "resume.default" "resume" "<Anonymous>" 
"readline" "waitUser.default" "<Anonymous>" "resume.default" "resume" "<Anonymous>" 
"match" "%in%" ".rs.getHelpFromObject" ".rs.getHelpFunction" "<Anonymous>" 
"tryCatch" ".rs.getHelpFromObject" ".rs.getHelpFunction" "<Anonymous>" 
"readRDS" "<Anonymous>" ".rs.getHelp" ".rs.getHelpFromObject" ".rs.getHelpFunction" "<Anonymous>" 
"grep" "ls" "FUN" "lapply" ".rs.objectsOnSearchPath" ".rs.getCompletionsSearchPath" "Reduce" "<Anonymous>" 
"FUN" "lapply" "Reduce" ".rs.getCompletionsPackages" "Reduce" "<Anonymous>" 
".rs.objectsOnSearchPath" ".rs.getCompletionsSearchPath" "Reduce" "<Anonymous>" 
"lazyLoadDBfetch" "mget" "doTryCatch" "tryCatchOne" "tryCatchList" "tryCatch" ".rs.getHelpFromObject" ".rs.getHelpFunction" "<Anonymous>" 
"file" "Rd2HTML" "<Anonymous>" ".rs.getHelp" ".rs.getHelpFromObject" ".rs.getHelpFunction" "<Anonymous>" 
".rs.getHelpFromObject" ".rs.getHelpFunction" "<Anonymous>" 
"tryCatchOne" "tryCatchList" "tryCatch" ".rs.getHelpFromObject" ".rs.getHelpFunction" "<Anonymous>" 
"close" "readRDS" "lazyLoadDBexec" "<Anonymous>" "<Anonymous>" "prepare_Rd" "Rd2HTML" "<Anonymous>" ".rs.getHelp" ".rs.getHelpFromObject" ".rs.getHelpFunction" "<Anonymous>" 
"writeLines" "writeLinesUTF8" "of1" "writeBlock" "writeContent" "writeSection" "Rd2HTML" "<Anonymous>" ".rs.getHelp" ".rs.getHelpFromObject" ".rs.getHelpFunction" "<Anonymous>" 
"readline" "waitUser.default" "<Anonymous>" "resume.default" "resume" "<Anonymous>" 
"readline" "waitUser.default" "<Anonymous>" "resume.default" "resume" "<Anonymous>" 
"readline" "waitUser.default" "<Anonymous>" "resume.default" "resume" "<Anonymous>" 
"grep" "ls" "FUN" "lapply" ".rs.objectsOnSearchPath" ".rs.getCompletionsSearchPath" "Reduce" "<Anonymous>" 
"as.character" "::" "formals" "as.list" ".rs.getHelpFromObject" ".rs.getHelpFunction" "<Anonymous>" 
"writeLinesUTF8" "of1" "writeContent" "writeSection" "Rd2HTML" "<Anonymous>" ".rs.getHelp" ".rs.getHelpFromObject" ".rs.getHelpFunction" "<Anonymous>" 
"grep" "ls" "FUN" "lapply" ".rs.objectsOnSearchPath" ".rs.getCompletionsSearchPath" "Reduce" "<Anonymous>" 
"close.connection" "close" "saveRDS" "withCallingHandlers" "suppressWarnings" "withCallingHandlers" "suppressMessages" "saveProgress.default" "saveProgress" "resume.default" "resume" "<Anonymous>" 
"readline" "waitUser.default" "<Anonymous>" "resume.default" "resume" "<Anonymous>" 
"readline" "waitUser.default" "<Anonymous>" "resume.default" "resume" "<Anonymous>" 
"readline" "waitUser.default" "<Anonymous>" "resume.default" "resume" "<Anonymous>" 
"as.list" ".rs.getHelpFromObject" ".rs.getHelpFunction" "<Anonymous>" 
"close.connection" "close" "Rd2HTML" "<Anonymous>" ".rs.getHelp" ".rs.getHelpFromObject" ".rs.getHelpFunction" "<Anonymous>" 
"close.connection" "close" "saveRDS" "withCallingHandlers" "suppressWarnings" "withCallingHandlers" "suppressMessages" "saveProgress.default" "saveProgress" "resume.default" "resume" "<Anonymous>" 
".rs.matchCall" ".rs.getCompletionsFunction" ".rs.appendCompletions" ".rs.getRCompletions" ".rs.appendCompletions" "<Anonymous>" 
"capture.output" "safeEval" "mergeLists" "resume.default" "resume" "<Anonymous>" 
"grep" "ls" "FUN" "lapply" ".rs.objectsOnSearchPath" ".rs.getCompletionsSearchPath" "Reduce" "<Anonymous>" 
"c" "summary.factor" "FUN" "lapply" "summary.data.frame" "summary" "eval" "eval" "withCallingHandlers" "suppressWarnings" "withCallingHandlers" "suppressMessages" "doTryCatch" "tryCatchOne" "tryCatchList" "tryCatch" "try" "eval" "eval" "withVisible" "evalVis" "capture.output" "safeEval" "mergeLists" "resume.default" "resume" "<Anonymous>" 
"readline" "waitUser.default" "<Anonymous>" "resume.default" "resume" "<Anonymous>" 
"readline" "waitUser.default" "<Anonymous>" "resume.default" "resume" "<Anonymous>" 
"readline" "waitUser.default" "<Anonymous>" "resume.default" "resume" "<Anonymous>" 
"readline" "waitUser.default" "<Anonymous>" "resume.default" "resume" "<Anonymous>" 
"readline" "waitUser.default" "<Anonymous>" "resume.default" "resume" "<Anonymous>" 
"readline" "waitUser.default" "<Anonymous>" "resume.default" "resume" "<Anonymous>" 
"readline" "waitUser.default" "<Anonymous>" "resume.default" "resume" "<Anonymous>" 
"readline" "waitUser.default" "<Anonymous>" "resume.default" "resume" "<Anonymous>" 
"length" "str.default" "str" "<Anonymous>" "do.call" "strSub" "str.default" "NextMethod" "str.data.frame" "str" 
"readline" "waitUser.default" "<Anonymous>" "resume.default" "resume" "<Anonymous>" 
"readline" "waitUser.default" "<Anonymous>" "resume.default" "resume" "<Anonymous>" 
"readline" "waitUser.default" "<Anonymous>" "resume.default" "resume" "<Anonymous>" 
"readline" "waitUser.default" "<Anonymous>" "resume.default" "resume" "<Anonymous>" 
"readline" "waitUser.default" "<Anonymous>" "resume.default" "resume" "<Anonymous>" 
"readline" "waitUser.default" "<Anonymous>" "resume.default" "resume" "<Anonymous>" 
"menu" "select.list" "waitUser.mult_question" "<Anonymous>" "resume.default" "resume" "<Anonymous>" 
"ls" "FUN" "lapply" ".rs.objectsOnSearchPath" ".rs.getCompletionsSearchPath" "Reduce" "<Anonymous>" "readline" "coursera_on_demand" "eval" "eval" "testMe" "FUN" "lapply" "testResponse.default" "<Anonymous>" "resume.default" "resume" "<Anonymous>" 
"getwd" "srcfilecopy" "parse" "withCallingHandlers" "suppressWarnings" "doTryCatch" "tryCatchOne" "tryCatchList" "tryCatch" ".rs.getAnywhere" ".rs.getCompletionsDollar" "<Anonymous>" "readline" "coursera_on_demand" "eval" "eval" "testMe" "FUN" "lapply" "testResponse.default" "<Anonymous>" "resume.default" "resume" "<Anonymous>" 
"readline" "coursera_on_demand" "eval" "eval" "testMe" "FUN" "lapply" "testResponse.default" "<Anonymous>" "resume.default" "resume" "<Anonymous>" 
"dyn.load" "library.dynam" "loadNamespace" "doTryCatch" "tryCatchOne" "tryCatchList" "tryCatch" "getNamespace" "asNamespace" "getExportedValue" "::" "handle" "handle_find" "handle_url" "<Anonymous>" "coursera_on_demand" "eval" "eval" "testMe" "FUN" "lapply" "testResponse.default" "<Anonymous>" "resume.default" "resume" "<Anonymous>" 
".Call" "<Anonymous>" "request_fetch.write_memory" "request_fetch" "request_perform" "<Anonymous>" "coursera_on_demand" "eval" "eval" "testMe" "FUN" "lapply" "testResponse.default" "<Anonymous>" "resume.default" "resume" "<Anonymous>" 
"saveRDS" "withCallingHandlers" "suppressWarnings" "withCallingHandlers" "suppressMessages" "saveProgress.default" "saveProgress" "resume.default" "resume" "<Anonymous>" 
"menu" "select.list" "courseMenu.default" "courseMenu" "mainMenu.default" "mainMenu" "resume.default" "resume" "<Anonymous>" 
"menu" "select.list" "courseMenu.default" "courseMenu" "mainMenu.default" "mainMenu" "resume.default" "resume" "<Anonymous>" 
"menu" "select.list" "courseMenu.default" "courseMenu" "mainMenu.default" "mainMenu" "resume.default" "resume" "<Anonymous>" 
"menu" "select.list" "courseMenu.default" "courseMenu" "mainMenu.default" "mainMenu" "resume.default" "resume" "<Anonymous>" 
"menu" "select.list" "courseMenu.default" "courseMenu" "mainMenu.default" "mainMenu" "resume.default" "resume" "<Anonymous>" 
"menu" "select.list" "courseMenu.default" "courseMenu" "mainMenu.default" "mainMenu" "resume.default" "resume" "<Anonymous>" 
"menu" "select.list" "courseMenu.default" "courseMenu" "mainMenu.default" "mainMenu" "resume.default" "resume" "<Anonymous>" 
"menu" "select.list" "courseMenu.default" "courseMenu" "mainMenu.default" "mainMenu" "resume.default" "resume" "<Anonymous>" 
"menu" "select.list" "courseMenu.default" "courseMenu" "mainMenu.default" "mainMenu" "resume.default" "resume" "<Anonymous>" 
"menu" "select.list" "courseMenu.default" "courseMenu" "mainMenu.default" "mainMenu" "resume.default" "resume" "<Anonymous>" 
"menu" "select.list" "courseMenu.default" "courseMenu" "mainMenu.default" "mainMenu" "resume.default" "resume" "<Anonymous>" 
"menu" "select.list" "courseMenu.default" "courseMenu" "mainMenu.default" "mainMenu" "resume.default" "resume" "<Anonymous>" 
"menu" "select.list" "courseMenu.default" "courseMenu" "mainMenu.default" "mainMenu" "resume.default" "resume" "<Anonymous>" 
"menu" "select.list" "courseMenu.default" "courseMenu" "mainMenu.default" "mainMenu" "resume.default" "resume" "<Anonymous>" 
"menu" "select.list" "courseMenu.default" "courseMenu" "mainMenu.default" "mainMenu" "resume.default" "resume" "<Anonymous>" 
"menu" "select.list" "courseMenu.default" "courseMenu" "mainMenu.default" "mainMenu" "resume.default" "resume" "<Anonymous>" 
"menu" "select.list" "courseMenu.default" "courseMenu" "mainMenu.default" "mainMenu" "resume.default" "resume" "<Anonymous>" 
"menu" "select.list" "courseMenu.default" "courseMenu" "mainMenu.default" "mainMenu" "resume.default" "resume" "<Anonymous>" 
"menu" "select.list" "courseMenu.default" "courseMenu" "mainMenu.default" "mainMenu" "resume.default" "resume" "<Anonymous>" 
"menu" "select.list" "courseMenu.default" "courseMenu" "mainMenu.default" "mainMenu" "resume.default" "resume" "<Anonymous>" 
"menu" "select.list" "courseMenu.default" "courseMenu" "mainMenu.default" "mainMenu" "resume.default" "resume" "<Anonymous>" 
"menu" "select.list" "courseMenu.default" "courseMenu" "mainMenu.default" "mainMenu" "resume.default" "resume" "<Anonymous>" 
"menu" "select.list" "courseMenu.default" "courseMenu" "mainMenu.default" "mainMenu" "resume.default" "resume" "<Anonymous>" 
"menu" "select.list" "courseMenu.default" "courseMenu" "mainMenu.default" "mainMenu" "resume.default" "resume" "<Anonymous>" 
"menu" "select.list" "courseMenu.default" "courseMenu" "mainMenu.default" "mainMenu" "resume.default" "resume" "<Anonymous>" 
"menu" "select.list" "courseMenu.default" "courseMenu" "mainMenu.default" "mainMenu" "resume.default" "resume" "<Anonymous>" 
"menu" "select.list" "courseMenu.default" "courseMenu" "mainMenu.default" "mainMenu" "resume.default" "resume" "<Anonymous>" 
"menu" "select.list" "courseMenu.default" "courseMenu" "mainMenu.default" "mainMenu" "resume.default" "resume" "<Anonymous>" 
"menu" "select.list" "courseMenu.default" "courseMenu" "mainMenu.default" "mainMenu" "resume.default" "resume" "<Anonymous>" 
"menu" "select.list" "courseMenu.default" "courseMenu" "mainMenu.default" "mainMenu" "resume.default" "resume" "<Anonymous>" 
"menu" "select.list" "courseMenu.default" "courseMenu" "mainMenu.default" "mainMenu" "resume.default" "resume" "<Anonymous>" 
"menu" "select.list" "courseMenu.default" "courseMenu" "mainMenu.default" "mainMenu" "resume.default" "resume" "<Anonymous>" 
"menu" "select.list" "lessonMenu.default" "lessonMenu" "mainMenu.default" "mainMenu" "resume.default" "resume" "<Anonymous>" 
"readLines" "source" "loadCustomTests" "loadLesson.default" "loadLesson" "mainMenu.default" "mainMenu" "resume.default" "resume" "<Anonymous>" 
"deparse" "mode" "match" "%in%" "deparse" "paste" "force" "as.data.frame.logical" "as.data.frame" "data.frame" "FUN" "lapply" "parse_content.yaml" "parse_content" "loadLesson.default" "loadLesson" "mainMenu.default" "mainMenu" "resume.default" "resume" "<Anonymous>" 
"rbind" "rbind" "parse_content.yaml" "parse_content" "loadLesson.default" "loadLesson" "mainMenu.default" "mainMenu" "resume.default" "resume" "<Anonymous>" 
"readline" "waitUser.default" "<Anonymous>" "resume.default" "resume" "<Anonymous>" 
"readline" "waitUser.default" "<Anonymous>" "resume.default" "resume" "<Anonymous>" 
"c" ".rs.getHelpFromObject" ".rs.getHelpFunction" "<Anonymous>" 
".rs.getHelpFromObject" ".rs.getHelpFunction" "<Anonymous>" 
"asNamespace" "getExportedValue" "::" "do.call" "doTryCatch" "tryCatchOne" "tryCatchList" "tryCatch" ".rs.getHelpFromObject" ".rs.getHelpFunction" "<Anonymous>" 
"grep" "isBlankRd" "writeWrapped" "writeBlock" "writeContent" "writeSection" "Rd2HTML" "<Anonymous>" ".rs.getHelp" ".rs.getHelpFromObject" ".rs.getHelpFunction" "<Anonymous>" 
"ls" "FUN" "lapply" ".rs.objectsOnSearchPath" ".rs.getCompletionsSearchPath" "Reduce" "<Anonymous>" 
".rs.getHelpFromObject" ".rs.getHelpFunction" "<Anonymous>" 
"doTryCatch" "tryCatchOne" "tryCatchList" "tryCatch" ".rs.getHelpFromObject" ".rs.getHelpFunction" "<Anonymous>" 
"deparse" "textConnection" "capture.output" ".rs.getSignature" "sub" ".rs.getHelpFromObject" ".rs.getHelpFunction" "<Anonymous>" 
"readLines" "paste" "<Anonymous>" ".rs.getHelp" ".rs.getHelpFromObject" ".rs.getHelpFunction" "<Anonymous>" 
"readRDS" "<Anonymous>" ".rs.getHelp" "<Anonymous>" 
"fsub" "htmlify" "isBlankLineRd" "addParaBreaks" "writeLines" "writeLinesUTF8" "of1" "writeBlock" "writeContent" "writeSection" "Rd2HTML" "<Anonymous>" ".rs.getHelp" "<Anonymous>" 
"gzfile" "readRDS" "index.search" "help" "eval" "eval" "?" 
"close.connection" "close" "readRDS" "index.search" "help" "eval" "eval" "?" "eval" "eval" "withCallingHandlers" "suppressWarnings" "withCallingHandlers" "suppressMessages" "doTryCatch" "tryCatchOne" "tryCatchList" "tryCatch" "try" "eval" "eval" "withVisible" "evalVis" "capture.output" "safeEval" "mergeLists" "resume.default" "resume" "<Anonymous>" 
"structure" "grep" "isBlankRd" "writeWrapped" "writeBlock" "writeContent" "writeSection" "Rd2HTML" "<Anonymous>" "doTryCatch" "tryCatchOne" "tryCatchList" "tryCatch" "try" "NextMethod" "structure" "[.simple.list" "[" "paste" ".make_numeric_version" "R_system_version" "package_version" "getRversion" ".rs.httpdPortIsFunction" "<Anonymous>" ".Call" "browser" "browseURL" "print.help_files_with_topic" "print" "capture.output" "safeEval" "mergeLists" "resume.default" "resume" "<Anonymous>" 
"close.connection" "close" "saveRDS" "withCallingHandlers" "suppressWarnings" "withCallingHandlers" "suppressMessages" "saveProgress.default" "saveProgress" "resume.default" "resume" "<Anonymous>" 
"psub" "htmlify" "isBlankLineRd" "addParaBreaks" "writeLines" "writeLinesUTF8" "of1" "writeBlock" "writeContent" "writeSection" "Rd2HTML" "<Anonymous>" "doTryCatch" "tryCatchOne" "tryCatchList" "tryCatch" "try" 
"psub" "htmlify" "isBlankLineRd" "addParaBreaks" "writeLines" "writeLinesUTF8" "of1" "writeBlock" "writeContent" "writeWrapped" "writeBlock" "writeContent" "writeSection" "Rd2HTML" "<Anonymous>" "doTryCatch" "tryCatchOne" "tryCatchList" "tryCatch" "try" 
"match" "unique" "intersect" ".rs.appendCompletions" "<Anonymous>" 
"as.list" ".rs.getHelpFromObject" ".rs.getHelpArgument" "<Anonymous>" 
"getExportedValue" "::" "do.call" "doTryCatch" "tryCatchOne" "tryCatchList" "tryCatch" ".rs.getHelpFromObject" ".rs.getHelpArgument" "<Anonymous>" 
".rs.getHelpFromObject" ".rs.getHelpArgument" "<Anonymous>" 
"writeLines" "writeLinesUTF8" "of1" "writeBlock" "writeContent" "writeSection" "Rd2HTML" "<Anonymous>" ".rs.getHelp" ".rs.getHelpFromObject" ".rs.getHelpArgument" "<Anonymous>" 
"FUN" "lapply" "unlist" "flatten" "match" "%in%" "<Anonymous>" "resume.default" "resume" "<Anonymous>" 
"readline" "waitUser.default" "<Anonymous>" "resume.default" "resume" "<Anonymous>" 
"readline" "waitUser.default" "<Anonymous>" "resume.default" "resume" "<Anonymous>" 
"readline" "waitUser.default" "<Anonymous>" "resume.default" "resume" "<Anonymous>" 
"readline" "waitUser.default" "<Anonymous>" "resume.default" "resume" "<Anonymous>" 
"getwd" "srcfilecopy" "parse" "eval" "testMe" "FUN" "lapply" "testResponse.default" "<Anonymous>" "resume.default" "resume" "<Anonymous>" 
"readline" "waitUser.default" "<Anonymous>" "resume.default" "resume" "<Anonymous>" 
"readline" "waitUser.default" "<Anonymous>" "resume.default" "resume" "<Anonymous>" 
"readline" "waitUser.default" "<Anonymous>" "resume.default" "resume" "<Anonymous>" 
"readline" "waitUser.default" "<Anonymous>" "resume.default" "resume" "<Anonymous>" 
"readline" "waitUser.default" "<Anonymous>" "resume.default" "resume" "<Anonymous>" 
"cat" "resume.default" "resume" "<Anonymous>" 
"::" "do.call" "doTryCatch" "tryCatchOne" "tryCatchList" "tryCatch" ".rs.getHelpFromObject" ".rs.getHelpFunction" "<Anonymous>" 
"file.exists" "index.search" "<Anonymous>" "eval" "eval" "doTryCatch" "tryCatchOne" "tryCatchList" "tryCatch" ".rs.getHelp" ".rs.getHelpFromObject" ".rs.getHelpFunction" "<Anonymous>" 
"grepl" "addParaBreaks" "writeLines" "writeLinesUTF8" "of1" "writeBlock" "writeContent" "writeSection" "Rd2HTML" "<Anonymous>" ".rs.getHelp" ".rs.getHelpFromObject" ".rs.getHelpFunction" "<Anonymous>" 
"do.call" "doTryCatch" "tryCatchOne" "tryCatchList" "tryCatch" ".rs.getHelpFromObject" ".rs.getHelpFunction" "<Anonymous>" 
"sink" "capture.output" ".rs.getSignature" "sub" ".rs.getHelpFromObject" ".rs.getHelpFunction" "<Anonymous>" 
"htmlify" "isBlankLineRd" "addParaBreaks" "writeLines" "writeLinesUTF8" "of1" "writeBlock" "writeContent" "writeSection" "Rd2HTML" "<Anonymous>" ".rs.getHelp" ".rs.getHelpFromObject" ".rs.getHelpFunction" "<Anonymous>" 
"grepl" "urlify" "paste0" "writeLink" "writeBlock" "writeContent" "writeWrapped" "writeBlock" "writeContent" "writeSection" "Rd2HTML" "<Anonymous>" ".rs.getHelp" ".rs.getHelpFromObject" ".rs.getHelpFunction" "<Anonymous>" 
".rs.getHelpFromObject" ".rs.getHelpArgument" "<Anonymous>" 
"tryCatchOne" "tryCatchList" "tryCatch" ".rs.getHelpFromObject" ".rs.getHelpArgument" "<Anonymous>" 
"match" "%in%" ".rs.getHelpFromObject" ".rs.getHelpArgument" "<Anonymous>" 
"writeLines" "writeLinesUTF8" "of1" "writeBlock" "writeContent" "writeSection" "Rd2HTML" "<Anonymous>" ".rs.getHelp" ".rs.getHelpFromObject" ".rs.getHelpArgument" "<Anonymous>" 
"get" "inherits" ".rs.getCompletionType" "doTryCatch" "tryCatchOne" "tryCatchList" "tryCatch" "FUN" "vapply" ".rs.getCompletionsSearchPath" "Reduce" "<Anonymous>" 
"getwd" "srcfilecopy" "parse" "withCallingHandlers" "suppressWarnings" "doTryCatch" "tryCatchOne" "tryCatchList" "tryCatch" ".rs.getAnywhere" ".rs.resolveObjectFromFunctionCall" ".rs.getCompletionsArgument" ".rs.getCompletionsFunction" ".rs.appendCompletions" ".rs.getRCompletions" ".rs.appendCompletions" "<Anonymous>" 
"grep" "ls" "FUN" "lapply" ".rs.objectsOnSearchPath" ".rs.getCompletionsSearchPath" "Reduce" "<Anonymous>" 
"isNamespace" "asNamespace" "getExportedValue" "::" "do.call" "doTryCatch" "tryCatchOne" "tryCatchList" "tryCatch" ".rs.getHelpFromObject" ".rs.getHelpArgument" "<Anonymous>" 
"tryCatchList" "tryCatch" ".rs.getHelpFromObject" ".rs.getHelpArgument" "<Anonymous>" 
"grep" "isBlankLineRd" "addParaBreaks" "writeLines" "writeLinesUTF8" "of1" "writeBlock" "writeContent" "writeSection" "Rd2HTML" "<Anonymous>" ".rs.getHelp" ".rs.getHelpFromObject" ".rs.getHelpArgument" "<Anonymous>" 
"FUN" "lapply" "Reduce" ".rs.getCompletionsPackages" "Reduce" "<Anonymous>" 
"FUN" "lapply" "testResponse.default" "<Anonymous>" "resume.default" "resume" "<Anonymous>" 
"file.exists" "find.package" "index.search" "<Anonymous>" ".rs.getHelp" "<Anonymous>" 
"paste0" "writeLines" "writeLinesUTF8" "of0" "writeWrapped" "writeBlock" "writeContent" "writeSection" "Rd2HTML" "<Anonymous>" ".rs.getHelp" "<Anonymous>" 
"close.connection" "close" "readRDS" "FUN" "lapply" "find.package" "index.search" "help" "eval" "eval" "?" 
"close.connection" "close" "readRDS" "FUN" "lapply" "find.package" "index.search" "help" "eval" "eval" "?" "eval" "eval" "withCallingHandlers" "suppressWarnings" "withCallingHandlers" "suppressMessages" "doTryCatch" "tryCatchOne" "tryCatchList" "tryCatch" "try" "eval" "eval" "withVisible" "evalVis" "capture.output" "safeEval" "mergeLists" "resume.default" "resume" "<Anonymous>" 
"close.connection" "close" "readRDS" "index.search" "help" "eval" "eval" "?" 
"gzfile" "readRDS" "<Anonymous>" "doTryCatch" "tryCatchOne" "tryCatchList" "tryCatch" "try" "match" "structure" "c.numeric_version" "c" "c" "is.numeric_version" ".encode_numeric_version" "split" "Ops.numeric_version" ">=" ".rs.httpdPortIsFunction" "<Anonymous>" ".Call" "browser" "browseURL" "print.help_files_with_topic" "print" "capture.output" "safeEval" "mergeLists" "resume.default" "resume" "<Anonymous>" 
"psub" "htmlify" "isBlankLineRd" "addParaBreaks" "writeLines" "writeLinesUTF8" "of1" "writeBlock" "writeContent" "writeSection" "Rd2HTML" "<Anonymous>" "doTryCatch" "tryCatchOne" "tryCatchList" "tryCatch" "try" "match" "structure" "c.numeric_version" "c" "c" "is.numeric_version" ".encode_numeric_version" "split" "Ops.numeric_version" ">=" ".rs.httpdPortIsFunction" "<Anonymous>" ".Call" "browser" "browseURL" "print.help_files_with_topic" "print" "capture.output" "safeEval" "mergeLists" "resume.default" "resume" "<Anonymous>" 
"writeLines" "writeLinesUTF8" "of0" "Rd2HTML" "<Anonymous>" "doTryCatch" "tryCatchOne" "tryCatchList" "tryCatch" "try" "readline" "waitUser.default" "<Anonymous>" "resume.default" "resume" "<Anonymous>" 
"paste0" "writeLines" "writeLinesUTF8" "of0" "writeWrapped" "writeBlock" "writeContent" "writeSection" "Rd2HTML" "<Anonymous>" "doTryCatch" "tryCatchOne" "tryCatchList" "tryCatch" "try" "readline" "waitUser.default" "<Anonymous>" "resume.default" "resume" "<Anonymous>" 
"readline" "waitUser.default" "<Anonymous>" "resume.default" "resume" "<Anonymous>" 
"readline" "waitUser.default" "<Anonymous>" "resume.default" "resume" "<Anonymous>" 
"readline" "waitUser.default" "<Anonymous>" "resume.default" "resume" "<Anonymous>" 
"FUN" "lapply" ".rs.objectsOnSearchPath" ".rs.getCompletionsSearchPath" "Reduce" "<Anonymous>" 
"readRDS" "<Anonymous>" ".rs.getHelp" ".rs.getHelpFromObject" ".rs.getHelpFunction" "<Anonymous>" 
"writeLines" "writeLinesUTF8" "of1" "writeBlock" "writeContent" "writeSection" "Rd2HTML" "<Anonymous>" ".rs.getHelp" ".rs.getHelpFromObject" ".rs.getHelpFunction" "<Anonymous>" 
"objects" ".rs.getHelpFromObject" ".rs.getHelpFunction" "<Anonymous>" 
"grep" "isBlankLineRd" "addParaBreaks" "writeLines" "writeLinesUTF8" "of1" "writeBlock" "writeContent" "writeSection" "Rd2HTML" "<Anonymous>" ".rs.getHelp" ".rs.getHelpFromObject" ".rs.getHelpFunction" "<Anonymous>" 
"writeSection" "Rd2HTML" "<Anonymous>" ".rs.getHelp" ".rs.getHelpFromObject" ".rs.getHelpFunction" "<Anonymous>" 
"do.call" "doTryCatch" "tryCatchOne" "tryCatchList" "tryCatch" ".rs.getHelpFromObject" ".rs.getHelpFunction" "<Anonymous>" 
"match" "%in%" ".rs.getHelpFromObject" ".rs.getHelpFunction" "<Anonymous>" 
"read.dcf" "doTryCatch" "tryCatchOne" "tryCatchList" "tryCatch" ".read_description" "Rd2HTML" "<Anonymous>" ".rs.getHelp" ".rs.getHelpFromObject" ".rs.getHelpFunction" "<Anonymous>" 
"match" "%in%" "writeBlock" "writeContent" "writeSection" "Rd2HTML" "<Anonymous>" ".rs.getHelp" ".rs.getHelpFromObject" ".rs.getHelpFunction" "<Anonymous>" 
"getwd" "srcfilecopy" "parse" "doTryCatch" "tryCatchOne" "tryCatchList" "tryCatch" "<Anonymous>" 
".rs.getHelpFromObject" ".rs.getHelpArgument" "<Anonymous>" 
"getExportedValue" "::" "formals" "as.list" ".rs.getHelpFromObject" ".rs.getHelpArgument" "<Anonymous>" 
"close" "readRDS" "lazyLoadDBexec" "<Anonymous>" "<Anonymous>" "prepare_Rd" "Rd2HTML" "<Anonymous>" ".rs.getHelp" ".rs.getHelpFromObject" ".rs.getHelpArgument" "<Anonymous>" 
"close.connection" "close" "Rd2HTML" "<Anonymous>" ".rs.getHelp" ".rs.getHelpFromObject" ".rs.getHelpArgument" "<Anonymous>" 
"getwd" "srcfilecopy" "parse" "eval" "testMe" "FUN" "lapply" "testResponse.default" "<Anonymous>" "resume.default" "resume" "<Anonymous>" 
"ls" "FUN" "lapply" ".rs.objectsOnSearchPath" ".rs.getCompletionsSearchPath" "Reduce" "<Anonymous>" 
"%in%" "testMe" "FUN" "lapply" "testResponse.default" "<Anonymous>" "resume.default" "resume" "<Anonymous>" 
"gzfile" "saveRDS" "withCallingHandlers" "suppressWarnings" "withCallingHandlers" "suppressMessages" "saveProgress.default" "saveProgress" "resume.default" "resume" "<Anonymous>" 
"lapply" "unlist" ".rs.getCompletionsSearchPath" "Reduce" "<Anonymous>" 
"rep.int" "paste0" "strwrap" "swirl_out" "testResponse.default" "<Anonymous>" "resume.default" "resume" "<Anonymous>" 
"file.exists" "index.search" "help" "eval" "eval" "?" 
"close.connection" "close" "readRDS" "index.search" "help" "eval" "eval" "?" "eval" "eval" "withCallingHandlers" "suppressWarnings" "withCallingHandlers" "suppressMessages" "doTryCatch" "tryCatchOne" "tryCatchList" "tryCatch" "try" "eval" "eval" "withVisible" "evalVis" "capture.output" "safeEval" "mergeLists" "resume.default" "resume" "<Anonymous>" 
"isBlankLineRd" "addParaBreaks" "writeLines" "writeLinesUTF8" "of1" "writeBlock" "writeContent" "writeContent" "writeSection" "Rd2HTML" "<Anonymous>" "doTryCatch" "tryCatchOne" "tryCatchList" "tryCatch" "try" "match" "%in%" "[[.data.frame" "[[" "[.data.frame" "[" "resume.default" "resume" "<Anonymous>" 
"tempfile" "<Anonymous>" "doTryCatch" "tryCatchOne" "tryCatchList" "tryCatch" "try" 
"writeLines" "writeLinesUTF8" "of1" "writeBlock" "writeContent" "writeSection" "Rd2HTML" "<Anonymous>" "doTryCatch" "tryCatchOne" "tryCatchList" "tryCatch" "try" 
"unique" "intersect" "f" "Reduce" "<Anonymous>" 
"readline" "waitUser.default" "<Anonymous>" "resume.default" "resume" "<Anonymous>" 
"readline" "waitUser.default" "<Anonymous>" "resume.default" "resume" "<Anonymous>" 
"readline" "waitUser.default" "<Anonymous>" "resume.default" "resume" "<Anonymous>" 
"readline" "waitUser.default" "<Anonymous>" "resume.default" "resume" "<Anonymous>" 
".Call" "stri_trim_both" "str_trim" "testResponse.default" "<Anonymous>" "resume.default" "resume" "<Anonymous>" 
"gzfile" "saveRDS" "withCallingHandlers" "suppressWarnings" "withCallingHandlers" "suppressMessages" "saveProgress.default" "saveProgress" "resume.default" "resume" "<Anonymous>" 
"getwd" "srcfilecopy" "parse" "withCallingHandlers" "suppressWarnings" "doTryCatch" "tryCatchOne" "tryCatchList" "tryCatch" ".rs.getAnywhere" ".rs.resolveObjectFromFunctionCall" ".rs.getCompletionsFunction" ".rs.appendCompletions" ".rs.getRCompletions" ".rs.appendCompletions" "<Anonymous>" 
"tryCatchList" "tryCatch" ".rs.getHelpFromObject" ".rs.getHelpFunction" "<Anonymous>" 
"get" "getExportedValue" "::" "do.call" "doTryCatch" "tryCatchOne" "tryCatchList" "tryCatch" ".rs.getHelpFromObject" ".rs.getHelpFunction" "<Anonymous>" 
"close.connection" "close" "readRDS" "index.search" "<Anonymous>" "eval" "eval" "doTryCatch" "tryCatchOne" "tryCatchList" "tryCatch" ".rs.getHelp" ".rs.getHelpFromObject" ".rs.getHelpFunction" "<Anonymous>" 
"writeLines" "writeLinesUTF8" "of0" "writeHref" "writeLink" "writeBlock" "writeContent" "writeWrapped" "writeBlock" "writeContent" "writeSection" "Rd2HTML" "<Anonymous>" ".rs.getHelp" ".rs.getHelpFromObject" ".rs.getHelpFunction" "<Anonymous>" 
"do.call" "doTryCatch" "tryCatchOne" "tryCatchList" "tryCatch" ".rs.getHelpFromObject" ".rs.getHelpFunction" "<Anonymous>" 
"close.connection" "close" "Rd2HTML" "<Anonymous>" ".rs.getHelp" ".rs.getHelpFromObject" ".rs.getHelpFunction" "<Anonymous>" 
"writeContent" "writeWrapped" "writeBlock" "writeContent" "writeSection" "Rd2HTML" "<Anonymous>" ".rs.getHelp" ".rs.getHelpFromObject" ".rs.getHelpFunction" "<Anonymous>" 
"doTryCatch" "tryCatchOne" "tryCatchList" "tryCatch" ".rs.getHelpFromObject" ".rs.getHelpFunction" "<Anonymous>" 
"writeLines" "writeLinesUTF8" "of0" "writeWrapped" "writeBlock" "writeContent" "writeSection" "Rd2HTML" "<Anonymous>" ".rs.getHelp" ".rs.getHelpFromObject" ".rs.getHelpFunction" "<Anonymous>" 
".External2" "plot.new" "plot.histogram" "plot" "hist.default" "hist" 
".External2" "plot.new" "plot.histogram" "plot" "hist.default" "hist" 
".External2" "plot.new" "plot.histogram" "plot" "hist.default" "hist" "eval" "eval" "withCallingHandlers" "suppressWarnings" "withCallingHandlers" "suppressMessages" "doTryCatch" "tryCatchOne" "tryCatchList" "tryCatch" "try" "eval" "eval" "withVisible" "evalVis" "capture.output" "safeEval" "mergeLists" "resume.default" "resume" "<Anonymous>" 
".External2" "plot.new" "plot.histogram" "plot" "hist.default" "hist" "eval" "eval" "withCallingHandlers" "suppressWarnings" "withCallingHandlers" "suppressMessages" "doTryCatch" "tryCatchOne" "tryCatchList" "tryCatch" "try" "eval" "eval" "withVisible" "evalVis" "capture.output" "safeEval" "mergeLists" "resume.default" "resume" "<Anonymous>" 
"close.connection" "close" "saveRDS" "withCallingHandlers" "suppressWarnings" "withCallingHandlers" "suppressMessages" "saveProgress.default" "saveProgress" "resume.default" "resume" "<Anonymous>" 
"readline" "waitUser.default" "<Anonymous>" "resume.default" "resume" "<Anonymous>" 
"readline" "waitUser.default" "<Anonymous>" "resume.default" "resume" "<Anonymous>" 
"readline" "waitUser.default" "<Anonymous>" "resume.default" "resume" "<Anonymous>" 
"readline" "waitUser.default" "<Anonymous>" "resume.default" "resume" "<Anonymous>" 
"readline" "waitUser.default" "<Anonymous>" "resume.default" "resume" "<Anonymous>" 
"readline" "waitUser.default" "<Anonymous>" "resume.default" "resume" "<Anonymous>" 
"readline" "waitUser.default" "<Anonymous>" "resume.default" "resume" "<Anonymous>" 
"readline" "waitUser.default" "<Anonymous>" "resume.default" "resume" "<Anonymous>" 
"readline" "waitUser.default" "<Anonymous>" "resume.default" "resume" "<Anonymous>" 
"readline" "waitUser.default" "<Anonymous>" "resume.default" "resume" "<Anonymous>" 
"readline" "waitUser.default" "<Anonymous>" "resume.default" "resume" "<Anonymous>" 
"menu" "select.list" "waitUser.mult_question" "<Anonymous>" "resume.default" "resume" "<Anonymous>" 
"readline" "coursera_on_demand" "eval" "eval" "testMe" "FUN" "lapply" "testResponse.default" "<Anonymous>" "resume.default" "resume" "<Anonymous>" 
"ls" "FUN" "lapply" ".rs.objectsOnSearchPath" ".rs.getCompletionsSearchPath" "Reduce" "<Anonymous>" "readline" "coursera_on_demand" "eval" "eval" "testMe" "FUN" "lapply" "testResponse.default" "<Anonymous>" "resume.default" "resume" "<Anonymous>" 
"FUN" "lapply" "Reduce" ".rs.getCompletionsPackages" "Reduce" "<Anonymous>" "readline" "coursera_on_demand" "eval" "eval" "testMe" "FUN" "lapply" "testResponse.default" "<Anonymous>" "resume.default" "resume" "<Anonymous>" 
"readline" "coursera_on_demand" "eval" "eval" "testMe" "FUN" "lapply" "testResponse.default" "<Anonymous>" "resume.default" "resume" "<Anonymous>" 
"getwd" "srcfilecopy" "parse" "withCallingHandlers" "suppressWarnings" "doTryCatch" "tryCatchOne" "tryCatchList" "tryCatch" ".rs.getAnywhere" "doTryCatch" "tryCatchOne" "tryCatchList" "tryCatch" ".rs.blackListEvaluationDataTable" ".rs.blackListEvaluation" ".rs.getCompletionsDollar" "<Anonymous>" "readline" "coursera_on_demand" "eval" "eval" "testMe" "FUN" "lapply" "testResponse.default" "<Anonymous>" "resume.default" "resume" "<Anonymous>" 
".Call" "<Anonymous>" "request_fetch.write_memory" "request_fetch" "request_perform" "<Anonymous>" "coursera_on_demand" "eval" "eval" "testMe" "FUN" "lapply" "testResponse.default" "<Anonymous>" "resume.default" "resume" "<Anonymous>" 
"menu" "select.list" "courseMenu.default" "courseMenu" "mainMenu.default" "mainMenu" "resume.default" "resume" "<Anonymous>" 
"menu" "select.list" "courseMenu.default" "courseMenu" "mainMenu.default" "mainMenu" "resume.default" "resume" "<Anonymous>" 
"menu" "select.list" "courseMenu.default" "courseMenu" "mainMenu.default" "mainMenu" "resume.default" "resume" "<Anonymous>" 
"menu" "select.list" "courseMenu.default" "courseMenu" "mainMenu.default" "mainMenu" "resume.default" "resume" "<Anonymous>" 
"menu" "select.list" "courseMenu.default" "courseMenu" "mainMenu.default" "mainMenu" "resume.default" "resume" "<Anonymous>" 
"menu" "select.list" "courseMenu.default" "courseMenu" "mainMenu.default" "mainMenu" "resume.default" "resume" "<Anonymous>" 
"menu" "select.list" "courseMenu.default" "courseMenu" "mainMenu.default" "mainMenu" "resume.default" "resume" "<Anonymous>" 
"menu" "select.list" "courseMenu.default" "courseMenu" "mainMenu.default" "mainMenu" "resume.default" "resume" "<Anonymous>" 
"menu" "select.list" "courseMenu.default" "courseMenu" "mainMenu.default" "mainMenu" "resume.default" "resume" "<Anonymous>" 
"menu" "select.list" "courseMenu.default" "courseMenu" "mainMenu.default" "mainMenu" "resume.default" "resume" "<Anonymous>" 
"menu" "select.list" "courseMenu.default" "courseMenu" "mainMenu.default" "mainMenu" "resume.default" "resume" "<Anonymous>" 
"menu" "select.list" "courseMenu.default" "courseMenu" "mainMenu.default" "mainMenu" "resume.default" "resume" "<Anonymous>" 
"menu" "select.list" "courseMenu.default" "courseMenu" "mainMenu.default" "mainMenu" "resume.default" "resume" "<Anonymous>" 
"menu" "select.list" "courseMenu.default" "courseMenu" "mainMenu.default" "mainMenu" "resume.default" "resume" "<Anonymous>" 
"menu" "select.list" "courseMenu.default" "courseMenu" "mainMenu.default" "mainMenu" "resume.default" "resume" "<Anonymous>" 
"menu" "select.list" "courseMenu.default" "courseMenu" "mainMenu.default" "mainMenu" "resume.default" "resume" "<Anonymous>" 
"menu" "select.list" "courseMenu.default" "courseMenu" "mainMenu.default" "mainMenu" "resume.default" "resume" "<Anonymous>" 
"menu" "select.list" "courseMenu.default" "courseMenu" "mainMenu.default" "mainMenu" "resume.default" "resume" "<Anonymous>" 
"menu" "select.list" "courseMenu.default" "courseMenu" "mainMenu.default" "mainMenu" "resume.default" "resume" "<Anonymous>" 
"menu" "select.list" "courseMenu.default" "courseMenu" "mainMenu.default" "mainMenu" "resume.default" "resume" "<Anonymous>" 
"menu" "select.list" "courseMenu.default" "courseMenu" "mainMenu.default" "mainMenu" "resume.default" "resume" "<Anonymous>" 
"menu" "select.list" "courseMenu.default" "courseMenu" "mainMenu.default" "mainMenu" "resume.default" "resume" "<Anonymous>" 
"menu" "select.list" "courseMenu.default" "courseMenu" "mainMenu.default" "mainMenu" "resume.default" "resume" "<Anonymous>" 
"menu" "select.list" "courseMenu.default" "courseMenu" "mainMenu.default" "mainMenu" "resume.default" "resume" "<Anonymous>" 
"menu" "select.list" "courseMenu.default" "courseMenu" "mainMenu.default" "mainMenu" "resume.default" "resume" "<Anonymous>" 
"menu" "select.list" "courseMenu.default" "courseMenu" "mainMenu.default" "mainMenu" "resume.default" "resume" "<Anonymous>" 
"menu" "select.list" "courseMenu.default" "courseMenu" "mainMenu.default" "mainMenu" "resume.default" "resume" "<Anonymous>" 
"menu" "select.list" "lessonMenu.default" "lessonMenu" "mainMenu.default" "mainMenu" "resume.default" "resume" "<Anonymous>" 
"sum" ".deparseOpts" "deparse" "paste" "force" "as.data.frame.logical" "as.data.frame" "data.frame" "FUN" "lapply" "parse_content.yaml" "parse_content" "loadLesson.default" "loadLesson" "mainMenu.default" "mainMenu" "resume.default" "resume" "<Anonymous>" 
"match" "%in%" ".deparseOpts" "deparse" "paste" "force" "as.data.frame.logical" "as.data.frame" "data.frame" "FUN" "lapply" "parse_content.yaml" "parse_content" "loadLesson.default" "loadLesson" "mainMenu.default" "mainMenu" "resume.default" "resume" "<Anonymous>" 
"rbind" "rbind" "parse_content.yaml" "parse_content" "loadLesson.default" "loadLesson" "mainMenu.default" "mainMenu" "resume.default" "resume" "<Anonymous>" 
"readline" "waitUser.default" "<Anonymous>" "resume.default" "resume" "<Anonymous>" 
"readline" "waitUser.default" "<Anonymous>" "resume.default" "resume" "<Anonymous>" 
"readline" "waitUser.default" "<Anonymous>" "resume.default" "resume" "<Anonymous>" 
"close.connection" "close" "saveRDS" "withCallingHandlers" "suppressWarnings" "withCallingHandlers" "suppressMessages" "saveProgress.default" "saveProgress" "resume.default" "resume" "<Anonymous>" 
"readline" "waitUser.default" "<Anonymous>" "resume.default" "resume" "<Anonymous>" 
"gzfile" "saveRDS" "withCallingHandlers" "suppressWarnings" "withCallingHandlers" "suppressMessages" "saveProgress.default" "saveProgress" "resume.default" "resume" "<Anonymous>" 
"<Anonymous>" "do.call" "doTryCatch" "tryCatchOne" "tryCatchList" "tryCatch" ".rs.getHelpFromObject" ".rs.getHelpFunction" "<Anonymous>" 
"fsub" "htmlify" "isBlankLineRd" "addParaBreaks" "writeLines" "writeLinesUTF8" "of1" "writeBlock" "writeContent" "writeSection" "Rd2HTML" "<Anonymous>" ".rs.getHelp" ".rs.getHelpFromObject" ".rs.getHelpFunction" "<Anonymous>" 
"readLines" "paste" "<Anonymous>" ".rs.getHelp" ".rs.getHelpFromObject" ".rs.getHelpFunction" "<Anonymous>" 
"fsub" "htmlify" "isBlankLineRd" "addParaBreaks" "writeLines" "writeLinesUTF8" "of1" "writeBlock" "writeContent" "writeSection" "Rd2HTML" "<Anonymous>" ".rs.getHelp" "<Anonymous>" 
"normalizePath" "unique" "data" "eval" "eval" "withCallingHandlers" "suppressWarnings" "withCallingHandlers" "suppressMessages" "doTryCatch" "tryCatchOne" "tryCatchList" "tryCatch" "try" "eval" "eval" "withVisible" "evalVis" "capture.output" "safeEval" "mergeLists" "resume.default" "resume" "<Anonymous>" 
"readline" "waitUser.default" "<Anonymous>" "resume.default" "resume" "<Anonymous>" 
"readline" "waitUser.default" "<Anonymous>" "resume.default" "resume" "<Anonymous>" 
"gzfile" "readRDS" "FUN" "lapply" "find.package" "index.search" "help" "eval" "eval" "?" 
"file.exists" "find.package" "index.search" "help" "eval" "eval" "?" "eval" "eval" "withCallingHandlers" "suppressWarnings" "withCallingHandlers" "suppressMessages" "doTryCatch" "tryCatchOne" "tryCatchList" "tryCatch" "try" "eval" "eval" "withVisible" "evalVis" "capture.output" "safeEval" "mergeLists" "resume.default" "resume" "<Anonymous>" 
"fsub" "htmlify" "isBlankLineRd" "addParaBreaks" "writeLines" "writeLinesUTF8" "of1" "writeBlock" "writeContent" "writeSection" "Rd2HTML" "<Anonymous>" "doTryCatch" "tryCatchOne" "tryCatchList" "tryCatch" "try" "sys.parent" "sys.call" "match.call" "help" "eval" "eval" "?" "eval" "eval" "withCallingHandlers" "suppressWarnings" "withCallingHandlers" "suppressMessages" "doTryCatch" "tryCatchOne" "tryCatchList" "tryCatch" "try" "eval" "eval" "withVisible" "evalVis" "capture.output" "safeEval" "mergeLists" "resume.default" "resume" "<Anonymous>" 
"simplify2array" "sapply" "RdTags" "writeContent" "writeWrapped" "writeBlock" "writeContent" "writeSection" "Rd2HTML" "<Anonymous>" "doTryCatch" "tryCatchOne" "tryCatchList" "tryCatch" "try" "readline" "waitUser.default" "<Anonymous>" "resume.default" "resume" "<Anonymous>" 
"readline" "waitUser.default" "<Anonymous>" "resume.default" "resume" "<Anonymous>" 
"readline" "waitUser.default" "<Anonymous>" "resume.default" "resume" "<Anonymous>" 
"readline" "waitUser.default" "<Anonymous>" "resume.default" "resume" "<Anonymous>" 
"lazyLoadDBfetch" "mget" "doTryCatch" "tryCatchOne" "tryCatchList" "tryCatch" ".rs.getHelpFromObject" ".rs.getHelpFunction" "<Anonymous>" 
"lazyLoadDBfetch" "mget" "doTryCatch" "tryCatchOne" "tryCatchList" "tryCatch" ".rs.getHelpFromObject" ".rs.getHelpFunction" "<Anonymous>" 
"lazyLoadDBfetch" "mget" "doTryCatch" "tryCatchOne" "tryCatchList" "tryCatch" ".rs.getHelpFromObject" ".rs.getHelpFunction" "<Anonymous>" 
"isBaseNamespace" "getExportedValue" "::" "do.call" "doTryCatch" "tryCatchOne" "tryCatchList" "tryCatch" ".rs.getHelpFromObject" ".rs.getHelpFunction" "<Anonymous>" 
"asNamespace" "getExportedValue" "::" "do.call" "doTryCatch" "tryCatchOne" "tryCatchList" "tryCatch" ".rs.getHelpFromObject" ".rs.getHelpFunction" "<Anonymous>" 
"asNamespace" "getExportedValue" "::" "do.call" "doTryCatch" "tryCatchOne" "tryCatchList" "tryCatch" ".rs.getHelpFromObject" ".rs.getHelpFunction" "<Anonymous>" 
"asNamespace" "getExportedValue" "::" "do.call" "doTryCatch" "tryCatchOne" "tryCatchList" "tryCatch" ".rs.getHelpFromObject" ".rs.getHelpFunction" "<Anonymous>" 
"asNamespace" "getExportedValue" "::" "do.call" "doTryCatch" "tryCatchOne" "tryCatchList" "tryCatch" ".rs.getHelpFromObject" ".rs.getHelpFunction" "<Anonymous>" 
"file.exists" "index.search" "<Anonymous>" "eval" "eval" "doTryCatch" "tryCatchOne" "tryCatchList" "tryCatch" ".rs.getHelp" ".rs.getHelpFromObject" ".rs.getHelpFunction" "<Anonymous>" 
"writeLines" "writeLinesUTF8" "of0" "writeWrapped" "writeBlock" "writeContent" "writeContent" "writeBlock" "writeContent" "writeSection" "Rd2HTML" "<Anonymous>" ".rs.getHelp" ".rs.getHelpFromObject" ".rs.getHelpFunction" "<Anonymous>" 
"grep" "isBlankRd" "writeWrapped" "writeBlock" "writeContent" "writeContent" "writeBlock" "writeContent" "writeSection" "Rd2HTML" "<Anonymous>" ".rs.getHelp" ".rs.getHelpFromObject" ".rs.getHelpFunction" "<Anonymous>" 
"readline" "waitUser.default" "<Anonymous>" "resume.default" "resume" "<Anonymous>" 
"readline" "waitUser.default" "<Anonymous>" "resume.default" "resume" "<Anonymous>" 
"readline" "waitUser.default" "<Anonymous>" "resume.default" "resume" "<Anonymous>" 
"ls" "FUN" "lapply" ".rs.objectsOnSearchPath" ".rs.getCompletionsSearchPath" "Reduce" "<Anonymous>" 
"lazyLoadDBfetch" "mget" "doTryCatch" "tryCatchOne" "tryCatchList" "tryCatch" ".rs.getHelpFromObject" ".rs.getHelpFunction" "<Anonymous>" 
"unique" "simplify2array" "sapply" "apply" "setDynamicFlags" "prepare_Rd" "Rd2HTML" "<Anonymous>" ".rs.getHelp" ".rs.getHelpFromObject" ".rs.getHelpFunction" "<Anonymous>" 
"addParaBreaks" "writeLines" "writeLinesUTF8" "of1" "writeBlock" "writeContent" "writeWrapped" "writeBlock" "writeContent" "writeLR" "writeBlock" "writeContent" "writeBlock" "writeContent" "writeContent" "writeBlock" "writeContent" "writeContent" "writeSection" "Rd2HTML" "<Anonymous>" ".rs.getHelp" ".rs.getHelpFromObject" ".rs.getHelpFunction" "<Anonymous>" 
".External2" "plot.new" "plot.default" "plot" "plot2" "plot.data.frame" "plot" 
".External2" "plot.new" "plot.default" "plot" "plot2" "plot.data.frame" "plot" 
".External2" "plot.new" "plot.default" "plot" "plot2" "plot.data.frame" "plot" "eval" "eval" "withCallingHandlers" "suppressWarnings" "withCallingHandlers" "suppressMessages" "doTryCatch" "tryCatchOne" "tryCatchList" "tryCatch" "try" "eval" "eval" "withVisible" "evalVis" "capture.output" "safeEval" "mergeLists" "resume.default" "resume" "<Anonymous>" 
".External2" "plot.new" "plot.default" "plot" "plot2" "plot.data.frame" "plot" "eval" "eval" "withCallingHandlers" "suppressWarnings" "withCallingHandlers" "suppressMessages" "doTryCatch" "tryCatchOne" "tryCatchList" "tryCatch" "try" "eval" "eval" "withVisible" "evalVis" "capture.output" "safeEval" "mergeLists" "resume.default" "resume" "<Anonymous>" 
"cat" "defaultHandler" "doWithOneRestart" "withOneRestart" "withRestarts" "message" "swirl_out" "testResponse.default" "<Anonymous>" "resume.default" "resume" "<Anonymous>" 
"readline" "waitUser.default" "<Anonymous>" "resume.default" "resume" "<Anonymous>" 
"readline" "waitUser.default" "<Anonymous>" "resume.default" "resume" "<Anonymous>" 
"readline" "waitUser.default" "<Anonymous>" "resume.default" "resume" "<Anonymous>" 
"readline" "waitUser.default" "<Anonymous>" "resume.default" "resume" "<Anonymous>" 
"readline" "waitUser.default" "<Anonymous>" "resume.default" "resume" "<Anonymous>" 
"readline" "waitUser.default" "<Anonymous>" "resume.default" "resume" "<Anonymous>" 
"readline" "waitUser.default" "<Anonymous>" "resume.default" "resume" "<Anonymous>" 
"readline" "waitUser.default" "<Anonymous>" "resume.default" "resume" "<Anonymous>" 
"readline" "waitUser.default" "<Anonymous>" "resume.default" "resume" "<Anonymous>" 
"readline" "waitUser.default" "<Anonymous>" "resume.default" "resume" "<Anonymous>" 
"readline" "waitUser.default" "<Anonymous>" "resume.default" "resume" "<Anonymous>" 
"readline" "waitUser.default" "<Anonymous>" "resume.default" "resume" "<Anonymous>" 
"readline" "waitUser.default" "<Anonymous>" "resume.default" "resume" "<Anonymous>" 
"file.exists" "find.package" "index.search" "help" "eval" "eval" "?" 
"file.exists" "find.package" "index.search" "help" "eval" "eval" "?" "eval" "eval" "withCallingHandlers" "suppressWarnings" "withCallingHandlers" "suppressMessages" "doTryCatch" "tryCatchOne" "tryCatchList" "tryCatch" "try" "eval" "eval" "withVisible" "evalVis" "capture.output" "safeEval" "mergeLists" "resume.default" "resume" "<Anonymous>" 
"file" "Rd2HTML" "<Anonymous>" "doTryCatch" "tryCatchOne" "tryCatchList" "tryCatch" "try" "readline" "waitUser.default" "<Anonymous>" "resume.default" "resume" "<Anonymous>" 
"fsub" "htmlify" "isBlankLineRd" "addParaBreaks" "writeLines" "writeLinesUTF8" "of1" "writeBlock" "writeContent" "writeBlock" "writeContent" "writeContent" "writeBlock" "writeContent" "writeContent" "writeSection" "Rd2HTML" "<Anonymous>" "doTryCatch" "tryCatchOne" "tryCatchList" "tryCatch" "try" "readline" "waitUser.default" "<Anonymous>" "resume.default" "resume" "<Anonymous>" 
"toupper" "paste0" "FUN" "vapply" "urlify" "paste0" "writeLink" "writeBlock" "writeContent" "writeWrapped" "writeBlock" "writeContent" "writeSection" "Rd2HTML" "<Anonymous>" "doTryCatch" "tryCatchOne" "tryCatchList" "tryCatch" "try" "readline" "waitUser.default" "<Anonymous>" "resume.default" "resume" "<Anonymous>" 
"writeContent" "writeBlock" "writeContent" "writeContent" "writeSection" "Rd2HTML" "<Anonymous>" "doTryCatch" "tryCatchOne" "tryCatchList" "tryCatch" "try" "readline" "waitUser.default" "<Anonymous>" "resume.default" "resume" "<Anonymous>" 
"readline" "waitUser.default" "<Anonymous>" "resume.default" "resume" "<Anonymous>" 
"readline" "waitUser.default" "<Anonymous>" "resume.default" "resume" "<Anonymous>" 
"readline" "waitUser.default" "<Anonymous>" "resume.default" "resume" "<Anonymous>" 
"readline" "waitUser.default" "<Anonymous>" "resume.default" "resume" "<Anonymous>" 
"parent.frame" "eval" "match.arg" "sink" "capture.output" ".rs.getSignature" "sub" ".rs.getHelpFromObject" ".rs.getHelpFunction" "<Anonymous>" 
"ls" "FUN" "lapply" ".rs.objectsOnSearchPath" ".rs.getCompletionsSearchPath" "Reduce" "<Anonymous>" 
"getNamespace" "asNamespace" "getExportedValue" "::" "formals" "as.list" ".rs.getHelpFromObject" ".rs.getHelpFunction" "<Anonymous>" 
"writeLines" "writeLinesUTF8" "of0" "Rd2HTML" "<Anonymous>" ".rs.getHelp" ".rs.getHelpFromObject" ".rs.getHelpFunction" "<Anonymous>" 
"grep" "isBlankLineRd" "addParaBreaks" "writeLines" "writeLinesUTF8" "of1" "writeBlock" "writeContent" "writeContent" "writeBlock" "writeContent" "writeSection" "Rd2HTML" "<Anonymous>" ".rs.getHelp" ".rs.getHelpFromObject" ".rs.getHelpFunction" "<Anonymous>" 
"grepl" "addParaBreaks" "writeLines" "writeLinesUTF8" "of1" "writeBlock" "writeContent" "writeContent" "writeBlock" "writeContent" "writeSection" "Rd2HTML" "<Anonymous>" ".rs.getHelp" ".rs.getHelpFromObject" ".rs.getHelpFunction" "<Anonymous>" 
"ls" "FUN" "lapply" ".rs.objectsOnSearchPath" ".rs.getCompletionsSearchPath" "Reduce" "<Anonymous>" 
".External2" "plot.new" "plot.default" "plot" 
".External2" "plot.new" "plot.default" "plot" 
"axis" "Axis.default" "Axis" "localAxis" "plot.default" "plot" 
".External2" "plot.new" "plot.default" "plot" "eval" "eval" "withCallingHandlers" "suppressWarnings" "withCallingHandlers" "suppressMessages" "doTryCatch" "tryCatchOne" "tryCatchList" "tryCatch" "try" "eval" "eval" "withVisible" "evalVis" "capture.output" "safeEval" "mergeLists" "resume.default" "resume" "<Anonymous>" 
".External2" "plot.new" "plot.default" "plot" "eval" "eval" "withCallingHandlers" "suppressWarnings" "withCallingHandlers" "suppressMessages" "doTryCatch" "tryCatchOne" "tryCatchList" "tryCatch" "try" "eval" "eval" "withVisible" "evalVis" "capture.output" "safeEval" "mergeLists" "resume.default" "resume" "<Anonymous>" 
".External2" "plot.new" "plot.default" "plot" 
".External2" "plot.new" "plot.default" "plot" 
"title" "localTitle" "plot.default" "plot" 
".External2" "plot.new" "plot.default" "plot" "eval" "eval" "withCallingHandlers" "suppressWarnings" "withCallingHandlers" "suppressMessages" "doTryCatch" "tryCatchOne" "tryCatchList" "tryCatch" "try" "eval" "eval" "withVisible" "evalVis" "capture.output" "safeEval" "mergeLists" "resume.default" "resume" "<Anonymous>" 
"gzfile" "save" "<Anonymous>" ".External2" "plot.new" "plot.default" "plot" "eval" "eval" "withCallingHandlers" "suppressWarnings" "withCallingHandlers" "suppressMessages" "doTryCatch" "tryCatchOne" "tryCatchList" "tryCatch" "try" "eval" "eval" "withVisible" "evalVis" "capture.output" "safeEval" "mergeLists" "resume.default" "resume" "<Anonymous>" 
"readline" "waitUser.default" "<Anonymous>" "resume.default" "resume" "<Anonymous>" 
"readline" "waitUser.default" "<Anonymous>" "resume.default" "resume" "<Anonymous>" 
"readline" "waitUser.default" "<Anonymous>" "resume.default" "resume" "<Anonymous>" 
"readline" "waitUser.default" "<Anonymous>" "resume.default" "resume" "<Anonymous>" 
"readline" "waitUser.default" "<Anonymous>" "resume.default" "resume" "<Anonymous>" 
"readline" "waitUser.default" "<Anonymous>" "resume.default" "resume" "<Anonymous>" 
"readline" "waitUser.default" "<Anonymous>" "resume.default" "resume" "<Anonymous>" 
"readline" "waitUser.default" "<Anonymous>" "resume.default" "resume" "<Anonymous>" 
"readline" "waitUser.default" "<Anonymous>" "resume.default" "resume" "<Anonymous>" 
"readline" "waitUser.default" "<Anonymous>" "resume.default" "resume" "<Anonymous>" 
"saveRDS" "withCallingHandlers" "suppressWarnings" "withCallingHandlers" "suppressMessages" "saveProgress.default" "saveProgress" "resume.default" "resume" "<Anonymous>" 
".External2" "plot.new" "plot.default" "plot" 
".External2" "plot.new" "plot.default" "plot" 
".External2" "plot.new" "plot.default" "plot" "eval" "eval" "withCallingHandlers" "suppressWarnings" "withCallingHandlers" "suppressMessages" "doTryCatch" "tryCatchOne" "tryCatchList" "tryCatch" "try" "eval" "eval" "withVisible" "evalVis" "capture.output" "safeEval" "mergeLists" "resume.default" "resume" "<Anonymous>" 
".External2" "plot.new" "plot.default" "plot" "eval" "eval" "withCallingHandlers" "suppressWarnings" "withCallingHandlers" "suppressMessages" "doTryCatch" "tryCatchOne" "tryCatchList" "tryCatch" "try" "eval" "eval" "withVisible" "evalVis" "capture.output" "safeEval" "mergeLists" "resume.default" "resume" "<Anonymous>" 
"axis" "Axis.default" "Axis" "localAxis" "plot.default" "plot" "eval" "eval" "withCallingHandlers" "suppressWarnings" "withCallingHandlers" "suppressMessages" "doTryCatch" "tryCatchOne" "tryCatchList" "tryCatch" "try" "eval" "eval" "withVisible" "evalVis" "capture.output" "safeEval" "mergeLists" "resume.default" "resume" "<Anonymous>" 
"readline" "waitUser.default" "<Anonymous>" "resume.default" "resume" "<Anonymous>" 
"readline" "waitUser.default" "<Anonymous>" "resume.default" "resume" "<Anonymous>" 
"readline" "waitUser.default" "<Anonymous>" "resume.default" "resume" "<Anonymous>" 
"readline" "waitUser.default" "<Anonymous>" "resume.default" "resume" "<Anonymous>" 
"readline" "waitUser.default" "<Anonymous>" "resume.default" "resume" "<Anonymous>" 
"readline" "waitUser.default" "<Anonymous>" "resume.default" "resume" "<Anonymous>" 
"readline" "waitUser.default" "<Anonymous>" "resume.default" "resume" "<Anonymous>" 
"readline" "waitUser.default" "<Anonymous>" "resume.default" "resume" "<Anonymous>" 
"readline" "waitUser.default" "<Anonymous>" "resume.default" "resume" "<Anonymous>" 
"readline" "waitUser.default" "<Anonymous>" "resume.default" "resume" "<Anonymous>" 
"readline" "waitUser.default" "<Anonymous>" "resume.default" "resume" "<Anonymous>" 
".External2" "plot.new" "plot.default" "plot" 
".External2" "plot.new" "plot.default" "plot" 
".External2" "plot.new" "plot.default" "plot" "eval" "eval" "withCallingHandlers" "suppressWarnings" "withCallingHandlers" "suppressMessages" "doTryCatch" "tryCatchOne" "tryCatchList" "tryCatch" "try" "eval" "eval" "withVisible" "evalVis" "capture.output" "safeEval" "mergeLists" "resume.default" "resume" "<Anonymous>" 
".External2" "plot.new" "plot.default" "plot" "eval" "eval" "withCallingHandlers" "suppressWarnings" "withCallingHandlers" "suppressMessages" "doTryCatch" "tryCatchOne" "tryCatchList" "tryCatch" "try" "eval" "eval" "withVisible" "evalVis" "capture.output" "safeEval" "mergeLists" "resume.default" "resume" "<Anonymous>" 
"axis" "Axis.default" "Axis" "localAxis" "plot.default" "plot" "eval" "eval" "withCallingHandlers" "suppressWarnings" "withCallingHandlers" "suppressMessages" "doTryCatch" "tryCatchOne" "tryCatchList" "tryCatch" "try" "eval" "eval" "withVisible" "evalVis" "capture.output" "safeEval" "mergeLists" "resume.default" "resume" "<Anonymous>" 
".External2" "plot.new" "plot.default" "plot" 
".External2" "plot.new" "plot.default" "plot" 
".External2" "plot.new" "plot.default" "plot" "eval" "eval" "withCallingHandlers" "suppressWarnings" "withCallingHandlers" "suppressMessages" "doTryCatch" "tryCatchOne" "tryCatchList" "tryCatch" "try" "eval" "eval" "withVisible" "evalVis" "capture.output" "safeEval" "mergeLists" "resume.default" "resume" "<Anonymous>" 
".External2" "plot.new" "plot.default" "plot" "eval" "eval" "withCallingHandlers" "suppressWarnings" "withCallingHandlers" "suppressMessages" "doTryCatch" "tryCatchOne" "tryCatchList" "tryCatch" "try" "eval" "eval" "withVisible" "evalVis" "capture.output" "safeEval" "mergeLists" "resume.default" "resume" "<Anonymous>" 
"axis" "Axis.default" "Axis" "localAxis" "plot.default" "plot" "eval" "eval" "withCallingHandlers" "suppressWarnings" "withCallingHandlers" "suppressMessages" "doTryCatch" "tryCatchOne" "tryCatchList" "tryCatch" "try" "eval" "eval" "withVisible" "evalVis" "capture.output" "safeEval" "mergeLists" "resume.default" "resume" "<Anonymous>" 
".External2" "plot.new" "plot.default" "plot" 
".External2" "plot.new" "plot.default" "plot" 
"box" "localBox" "plot.default" "plot" 
".External2" "plot.new" "plot.default" "plot" "eval" "eval" "withCallingHandlers" "suppressWarnings" "withCallingHandlers" "suppressMessages" "doTryCatch" "tryCatchOne" "tryCatchList" "tryCatch" "try" "eval" "eval" "withVisible" "evalVis" "capture.output" "safeEval" "mergeLists" "resume.default" "resume" "<Anonymous>" 
"axis" "Axis.default" "Axis" "localAxis" "plot.default" "plot" "eval" "eval" "withCallingHandlers" "suppressWarnings" "withCallingHandlers" "suppressMessages" "doTryCatch" "tryCatchOne" "tryCatchList" "tryCatch" "try" "eval" "eval" "withVisible" "evalVis" "capture.output" "safeEval" "mergeLists" "resume.default" "resume" "<Anonymous>" 
".rs.getHelpFromObject" ".rs.getHelpArgument" "<Anonymous>" 
"fsub" "vhtmlify" "writeLines" "writeLinesUTF8" "of1" "writeBlock" "writeContent" "writeWrapped" "writeBlock" "writeContent" "writeContent" "writeSection" "Rd2HTML" "<Anonymous>" ".rs.getHelp" ".rs.getHelpFromObject" ".rs.getHelpArgument" "<Anonymous>" 
"strsplit" "sub" "mysub" "sub" "mysub" "trimws" "testRdConditional" "writeBlock" "writeContent" "writeSection" "Rd2HTML" "<Anonymous>" ".rs.getHelp" ".rs.getHelpFromObject" ".rs.getHelpArgument" "<Anonymous>" 
".External2" "plot.new" "plot.default" "plot" 
".External2" "plot.new" "plot.default" "plot" 
".External2" "plot.new" "plot.default" "plot" "eval" "eval" "withCallingHandlers" "suppressWarnings" "withCallingHandlers" "suppressMessages" "doTryCatch" "tryCatchOne" "tryCatchList" "tryCatch" "try" "eval" "eval" "withVisible" "evalVis" "capture.output" "safeEval" "mergeLists" "resume.default" "resume" "<Anonymous>" 
".External2" "plot.new" "plot.default" "plot" "eval" "eval" "withCallingHandlers" "suppressWarnings" "withCallingHandlers" "suppressMessages" "doTryCatch" "tryCatchOne" "tryCatchList" "tryCatch" "try" "eval" "eval" "withVisible" "evalVis" "capture.output" "safeEval" "mergeLists" "resume.default" "resume" "<Anonymous>" 
"cat" "defaultHandler" "doWithOneRestart" "withOneRestart" "withRestarts" "message" "swirl_out" "testResponse.default" "<Anonymous>" "resume.default" "resume" "<Anonymous>" 
".rs.getHelpFromObject" ".rs.getHelpArgument" "<Anonymous>" 
"writeLines" "writeLinesUTF8" "of1" "writeBlock" "writeContent" "writeContent" "writeSection" "Rd2HTML" "<Anonymous>" ".rs.getHelp" ".rs.getHelpFromObject" ".rs.getHelpArgument" "<Anonymous>" 
"toupper" "paste0" "FUN" "vapply" "urlify" "paste0" "writeLink" "writeBlock" "writeContent" "writeWrapped" "writeBlock" "writeContent" "writeSection" "Rd2HTML" "<Anonymous>" ".rs.getHelp" ".rs.getHelpFromObject" ".rs.getHelpArgument" "<Anonymous>" 
"file.info" "file_test" ".read_description" "Rd2HTML" "<Anonymous>" ".rs.getHelp" ".rs.getHelpFromObject" ".rs.getHelpArgument" "<Anonymous>" 
"writeLines" "writeLinesUTF8" "of1" "writeBlock" "writeContent" "writeContent" "writeSection" "Rd2HTML" "<Anonymous>" ".rs.getHelp" ".rs.getHelpFromObject" ".rs.getHelpArgument" "<Anonymous>" 
"paste0" "FUN" "vapply" "urlify" "paste0" "writeLink" "writeBlock" "writeContent" "writeWrapped" "writeBlock" "writeContent" "writeSection" "Rd2HTML" "<Anonymous>" ".rs.getHelp" ".rs.getHelpFromObject" ".rs.getHelpArgument" "<Anonymous>" 
".External2" "plot.new" "plot.default" "plot" 
".External2" "plot.new" "plot.default" "plot" 
"axis" "Axis.default" "Axis" "localAxis" "plot.default" "plot" 
".External2" "plot.new" "plot.default" "plot" "eval" "eval" "withCallingHandlers" "suppressWarnings" "withCallingHandlers" "suppressMessages" "doTryCatch" "tryCatchOne" "tryCatchList" "tryCatch" "try" "eval" "eval" "withVisible" "evalVis" "capture.output" "safeEval" "mergeLists" "resume.default" "resume" "<Anonymous>" 
".External2" "plot.new" "plot.default" "plot" "eval" "eval" "withCallingHandlers" "suppressWarnings" "withCallingHandlers" "suppressMessages" "doTryCatch" "tryCatchOne" "tryCatchList" "tryCatch" "try" "eval" "eval" "withVisible" "evalVis" "capture.output" "safeEval" "mergeLists" "resume.default" "resume" "<Anonymous>" 
".External2" "plot.new" "plot.default" "plot" 
".External2" "plot.new" "plot.default" "plot" 
".External2" "plot.new" "plot.default" "plot" "eval" "eval" "withCallingHandlers" "suppressWarnings" "withCallingHandlers" "suppressMessages" "doTryCatch" "tryCatchOne" "tryCatchList" "tryCatch" "try" "eval" "eval" "withVisible" "evalVis" "capture.output" "safeEval" "mergeLists" "resume.default" "resume" "<Anonymous>" 
".External2" "plot.new" "plot.default" "plot" "eval" "eval" "withCallingHandlers" "suppressWarnings" "withCallingHandlers" "suppressMessages" "doTryCatch" "tryCatchOne" "tryCatchList" "tryCatch" "try" "eval" "eval" "withVisible" "evalVis" "capture.output" "safeEval" "mergeLists" "resume.default" "resume" "<Anonymous>" 
"axis" "Axis.default" "Axis" "localAxis" "plot.default" "plot" "eval" "eval" "withCallingHandlers" "suppressWarnings" "withCallingHandlers" "suppressMessages" "doTryCatch" "tryCatchOne" "tryCatchList" "tryCatch" "try" "eval" "eval" "withVisible" "evalVis" "capture.output" "safeEval" "mergeLists" "resume.default" "resume" "<Anonymous>" 
".External2" "plot.new" "plot.default" "plot" 
"plot.xy" "plot.default" "plot" 
".External2" "plot.new" "plot.default" "plot" "eval" "eval" "withCallingHandlers" "suppressWarnings" "withCallingHandlers" "suppressMessages" "doTryCatch" "tryCatchOne" "tryCatchList" "tryCatch" "try" "eval" "eval" "withVisible" "evalVis" "capture.output" "safeEval" "mergeLists" "resume.default" "resume" "<Anonymous>" 
".External2" "plot.new" "plot.default" "plot" "eval" "eval" "withCallingHandlers" "suppressWarnings" "withCallingHandlers" "suppressMessages" "doTryCatch" "tryCatchOne" "tryCatchList" "tryCatch" "try" "eval" "eval" "withVisible" "evalVis" "capture.output" "safeEval" "mergeLists" "resume.default" "resume" "<Anonymous>" 
"readline" "waitUser.default" "<Anonymous>" "resume.default" "resume" "<Anonymous>" 
"readline" "waitUser.default" "<Anonymous>" "resume.default" "resume" "<Anonymous>" 
"readline" "waitUser.default" "<Anonymous>" "resume.default" "resume" "<Anonymous>" 
"readline" "waitUser.default" "<Anonymous>" "resume.default" "resume" "<Anonymous>" 
"readline" "waitUser.default" "<Anonymous>" "resume.default" "resume" "<Anonymous>" 
"readline" "waitUser.default" "<Anonymous>" "resume.default" "resume" "<Anonymous>" 
"readline" "waitUser.default" "<Anonymous>" "resume.default" "resume" "<Anonymous>" 
"readline" "waitUser.default" "<Anonymous>" "resume.default" "resume" "<Anonymous>" 
"get" "inherits" ".rs.getCompletionType" "doTryCatch" "tryCatchOne" "tryCatchList" "tryCatch" "FUN" "vapply" ".rs.getCompletionsSearchPath" "Reduce" "<Anonymous>" 
"writeLines" "writeLinesUTF8" "of1" "writeBlock" "writeContent" "writeContent" "writeSection" "Rd2HTML" "<Anonymous>" ".rs.getHelp" ".rs.getHelpFromObject" ".rs.getHelpArgument" "<Anonymous>" 
"writeContent" "writeContent" "writeBlock" "writeContent" "writeSection" "Rd2HTML" "<Anonymous>" ".rs.getHelp" ".rs.getHelpFromObject" ".rs.getHelpArgument" "<Anonymous>" 
".External2" "plot.new" "plot.default" "plot" 
".External2" "plot.new" "plot.default" "plot" 
".External2" "plot.new" "plot.default" "plot" "eval" "eval" "withCallingHandlers" "suppressWarnings" "withCallingHandlers" "suppressMessages" "doTryCatch" "tryCatchOne" "tryCatchList" "tryCatch" "try" "eval" "eval" "withVisible" "evalVis" "capture.output" "safeEval" "mergeLists" "resume.default" "resume" "<Anonymous>" 
".External2" "plot.new" "plot.default" "plot" "eval" "eval" "withCallingHandlers" "suppressWarnings" "withCallingHandlers" "suppressMessages" "doTryCatch" "tryCatchOne" "tryCatchList" "tryCatch" "try" "eval" "eval" "withVisible" "evalVis" "capture.output" "safeEval" "mergeLists" "resume.default" "resume" "<Anonymous>" 
"axis" "Axis.default" "Axis" "localAxis" "plot.default" "plot" "eval" "eval" "withCallingHandlers" "suppressWarnings" "withCallingHandlers" "suppressMessages" "doTryCatch" "tryCatchOne" "tryCatchList" "tryCatch" "try" "eval" "eval" "withVisible" "evalVis" "capture.output" "safeEval" "mergeLists" "resume.default" "resume" "<Anonymous>" 
".External2" "plot.new" "plot.default" "plot" 
".External2" "plot.new" "plot.default" "plot" 
".External2" "plot.new" "plot.default" "plot" "eval" "eval" "withCallingHandlers" "suppressWarnings" "withCallingHandlers" "suppressMessages" "doTryCatch" "tryCatchOne" "tryCatchList" "tryCatch" "try" "eval" "eval" "withVisible" "evalVis" "capture.output" "safeEval" "mergeLists" "resume.default" "resume" "<Anonymous>" 
".External2" "plot.new" "plot.default" "plot" "eval" "eval" "withCallingHandlers" "suppressWarnings" "withCallingHandlers" "suppressMessages" "doTryCatch" "tryCatchOne" "tryCatchList" "tryCatch" "try" "eval" "eval" "withVisible" "evalVis" "capture.output" "safeEval" "mergeLists" "resume.default" "resume" "<Anonymous>" 
"isTRUE" "rmatch_calls" "is_robust_match" "doTryCatch" "tryCatchOne" "tryCatchList" "tryCatch" "try" "omnitest" "eval" "eval" "testMe" "FUN" "lapply" "testResponse.default" "<Anonymous>" "resume.default" "resume" "<Anonymous>" 
"ls" "FUN" "lapply" ".rs.objectsOnSearchPath" ".rs.getCompletionsSearchPath" "Reduce" "<Anonymous>" 
".External2" "plot.new" "plot.default" "plot" "plot2" "plot.data.frame" "plot" 
".External2" "plot.new" "plot.default" "plot" "plot2" "plot.data.frame" "plot" 
".External2" "plot.new" "plot.default" "plot" "plot2" "plot.data.frame" "plot" "eval" "eval" "withCallingHandlers" "suppressWarnings" "withCallingHandlers" "suppressMessages" "doTryCatch" "tryCatchOne" "tryCatchList" "tryCatch" "try" "eval" "eval" "withVisible" "evalVis" "capture.output" "safeEval" "mergeLists" "resume.default" "resume" "<Anonymous>" 
".External2" "plot.new" "plot.default" "plot" "plot2" "plot.data.frame" "plot" "eval" "eval" "withCallingHandlers" "suppressWarnings" "withCallingHandlers" "suppressMessages" "doTryCatch" "tryCatchOne" "tryCatchList" "tryCatch" "try" "eval" "eval" "withVisible" "evalVis" "capture.output" "safeEval" "mergeLists" "resume.default" "resume" "<Anonymous>" 
"close.connection" "close" "save" "<Anonymous>" ".External2" "plot.new" "plot.default" "plot" "plot2" "plot.data.frame" "plot" "eval" "eval" "withCallingHandlers" "suppressWarnings" "withCallingHandlers" "suppressMessages" "doTryCatch" "tryCatchOne" "tryCatchList" "tryCatch" "try" "eval" "eval" "withVisible" "evalVis" "capture.output" "safeEval" "mergeLists" "resume.default" "resume" "<Anonymous>" 
"c" ".rs.getHelpFromObject" ".rs.getHelpFunction" "<Anonymous>" 
"match" "%in%" ".rs.getHelpFromObject" ".rs.getHelpFunction" "<Anonymous>" 
"file.exists" "index.search" "<Anonymous>" "eval" "eval" "doTryCatch" "tryCatchOne" "tryCatchList" "tryCatch" ".rs.getHelp" ".rs.getHelpFromObject" ".rs.getHelpFunction" "<Anonymous>" 
"RdTags" "writeContent" "writeWrapped" "writeBlock" "writeContent" "writeContent" "writeSection" "Rd2HTML" "<Anonymous>" ".rs.getHelp" ".rs.getHelpFromObject" ".rs.getHelpFunction" "<Anonymous>" 
"match.arg" "trimws" "writeBlock" "writeContent" "writeSection" "Rd2HTML" "<Anonymous>" ".rs.getHelp" ".rs.getHelpFromObject" ".rs.getHelpFunction" "<Anonymous>" 
"isBaseNamespace" "getExportedValue" "::" "do.call" "doTryCatch" "tryCatchOne" "tryCatchList" "tryCatch" ".rs.getHelpFromObject" ".rs.getHelpFunction" "<Anonymous>" 
"tryCatchOne" "tryCatchList" "tryCatch" ".rs.getHelpFromObject" ".rs.getHelpFunction" "<Anonymous>" 
"close.connection" "close" "readRDS" "<Anonymous>" ".rs.getHelp" ".rs.getHelpFromObject" ".rs.getHelpFunction" "<Anonymous>" 
"writeBlock" "writeContent" "writeSection" "Rd2HTML" "<Anonymous>" ".rs.getHelp" ".rs.getHelpFromObject" ".rs.getHelpFunction" "<Anonymous>" 
"doTryCatch" "tryCatchOne" "tryCatchList" "tryCatch" ".rs.getHelpFromObject" ".rs.getHelpFunction" "<Anonymous>" 
"doTryCatch" "tryCatchOne" "tryCatchList" "tryCatch" ".rs.getHelpFromObject" ".rs.getHelpFunction" "<Anonymous>" 
"isNamespace" "asNamespace" "getExportedValue" "::" "formals" "as.list" ".rs.getHelpFromObject" ".rs.getHelpFunction" "<Anonymous>" 
"sapply" "RdTags" "writeContent" "writeWrapped" "writeBlock" "writeContent" "writeSection" "Rd2HTML" "<Anonymous>" ".rs.getHelp" ".rs.getHelpFromObject" ".rs.getHelpFunction" "<Anonymous>" 
"ls" "FUN" "lapply" ".rs.objectsOnSearchPath" ".rs.getCompletionsSearchPath" "Reduce" "<Anonymous>" 
"<Anonymous>" "do.call" "doTryCatch" "tryCatchOne" "tryCatchList" "tryCatch" ".rs.getHelpFromObject" ".rs.getHelpFunction" "<Anonymous>" 
"do.call" "doTryCatch" "tryCatchOne" "tryCatchList" "tryCatch" ".rs.getHelpFromObject" ".rs.getHelpFunction" "<Anonymous>" 
"get" "getExportedValue" "::" "formals" "as.list" ".rs.getHelpFromObject" ".rs.getHelpFunction" "<Anonymous>" 
"writeBlock" "writeContent" "writeSection" "Rd2HTML" "<Anonymous>" ".rs.getHelp" ".rs.getHelpFromObject" ".rs.getHelpFunction" "<Anonymous>" 
".External2" "plot.new" "plot.default" "plot" "plot2" "plot.data.frame" "plot" 
".External2" "plot.new" "plot.default" "plot" "plot2" "plot.data.frame" "plot" 
"axis" "Axis.default" "Axis" "localAxis" "plot.default" "plot" "plot2" "plot.data.frame" "plot" 
".External2" "plot.new" "plot.default" "plot" "plot2" "plot.data.frame" "plot" "eval" "eval" "withCallingHandlers" "suppressWarnings" "withCallingHandlers" "suppressMessages" "doTryCatch" "tryCatchOne" "tryCatchList" "tryCatch" "try" "eval" "eval" "withVisible" "evalVis" "capture.output" "safeEval" "mergeLists" "resume.default" "resume" "<Anonymous>" 
".External2" "plot.new" "plot.default" "plot" "plot2" "plot.data.frame" "plot" "eval" "eval" "withCallingHandlers" "suppressWarnings" "withCallingHandlers" "suppressMessages" "doTryCatch" "tryCatchOne" "tryCatchList" "tryCatch" "try" "eval" "eval" "withVisible" "evalVis" "capture.output" "safeEval" "mergeLists" "resume.default" "resume" "<Anonymous>" 
"close.connection" "close" "save" "<Anonymous>" 
"deparse" "mode" "capture.output" ".rs.resolveObjectFromFunctionCall" ".rs.getCompletionsArgument" ".rs.getCompletionsFunction" ".rs.appendCompletions" ".rs.getRCompletions" ".rs.appendCompletions" "<Anonymous>" 
".External2" "plot.new" "plot.default" "plot" "plot2" "plot.data.frame" "plot" 
".External2" "plot.new" "plot.default" "plot" "plot2" "plot.data.frame" "plot" 
"Axis.default" "Axis" "localAxis" "plot.default" "plot" "plot2" "plot.data.frame" "plot" 
".External2" "plot.new" "plot.default" "plot" "plot2" "plot.data.frame" "plot" "eval" "eval" "withCallingHandlers" "suppressWarnings" "withCallingHandlers" "suppressMessages" "doTryCatch" "tryCatchOne" "tryCatchList" "tryCatch" "try" "eval" "eval" "withVisible" "evalVis" "capture.output" "safeEval" "mergeLists" "resume.default" "resume" "<Anonymous>" 
".External2" "plot.new" "plot.default" "plot" "plot2" "plot.data.frame" "plot" "eval" "eval" "withCallingHandlers" "suppressWarnings" "withCallingHandlers" "suppressMessages" "doTryCatch" "tryCatchOne" "tryCatchList" "tryCatch" "try" "eval" "eval" "withVisible" "evalVis" "capture.output" "safeEval" "mergeLists" "resume.default" "resume" "<Anonymous>" 
"close.connection" "close" "save" "<Anonymous>" "readline" "waitUser.default" "<Anonymous>" "resume.default" "resume" "<Anonymous>" 
"readline" "waitUser.default" "<Anonymous>" "resume.default" "resume" "<Anonymous>" 
"readline" "waitUser.default" "<Anonymous>" "resume.default" "resume" "<Anonymous>" 
"readline" "waitUser.default" "<Anonymous>" "resume.default" "resume" "<Anonymous>" 
"readline" "waitUser.default" "<Anonymous>" "resume.default" "resume" "<Anonymous>" 
"readline" "waitUser.default" "<Anonymous>" "resume.default" "resume" "<Anonymous>" 
".External2" "plot.new" "plot.default" "plot" "plot2" "plot.data.frame" "plot" 
".External2" "plot.new" "plot.default" "plot" "plot2" "plot.data.frame" "plot" 
".External2" "plot.new" "plot.default" "plot" "plot2" "plot.data.frame" "plot" "eval" "eval" "withCallingHandlers" "suppressWarnings" "withCallingHandlers" "suppressMessages" "doTryCatch" "tryCatchOne" "tryCatchList" "tryCatch" "try" "eval" "eval" "withVisible" "evalVis" "capture.output" "safeEval" "mergeLists" "resume.default" "resume" "<Anonymous>" 
".External2" "plot.new" "plot.default" "plot" "plot2" "plot.data.frame" "plot" "eval" "eval" "withCallingHandlers" "suppressWarnings" "withCallingHandlers" "suppressMessages" "doTryCatch" "tryCatchOne" "tryCatchList" "tryCatch" "try" "eval" "eval" "withVisible" "evalVis" "capture.output" "safeEval" "mergeLists" "resume.default" "resume" "<Anonymous>" 
"axis" "Axis.default" "Axis" "localAxis" "plot.default" "plot" "plot2" "plot.data.frame" "plot" "eval" "eval" "withCallingHandlers" "suppressWarnings" "withCallingHandlers" "suppressMessages" "doTryCatch" "tryCatchOne" "tryCatchList" "tryCatch" "try" "eval" "eval" "withVisible" "evalVis" "capture.output" "safeEval" "mergeLists" "resume.default" "resume" "<Anonymous>" 
"getwd" "srcfilecopy" "parse" "withCallingHandlers" "suppressWarnings" "doTryCatch" "tryCatchOne" "tryCatchList" "tryCatch" ".rs.getAnywhere" ".rs.resolveObjectFromFunctionCall" ".rs.getCompletionsArgument" ".rs.getCompletionsFunction" ".rs.appendCompletions" ".rs.getRCompletions" ".rs.appendCompletions" "<Anonymous>" 
".External2" "plot.new" "plot.default" "plot" "plot2" "plot.data.frame" "plot" 
".External2" "plot.new" "plot.default" "plot" "plot2" "plot.data.frame" "plot" 
".External2" "plot.new" "plot.default" "plot" "plot2" "plot.data.frame" "plot" "eval" "eval" "withCallingHandlers" "suppressWarnings" "withCallingHandlers" "suppressMessages" "doTryCatch" "tryCatchOne" "tryCatchList" "tryCatch" "try" "eval" "eval" "withVisible" "evalVis" "capture.output" "safeEval" "mergeLists" "resume.default" "resume" "<Anonymous>" 
".External2" "plot.new" "plot.default" "plot" "plot2" "plot.data.frame" "plot" "eval" "eval" "withCallingHandlers" "suppressWarnings" "withCallingHandlers" "suppressMessages" "doTryCatch" "tryCatchOne" "tryCatchList" "tryCatch" "try" "eval" "eval" "withVisible" "evalVis" "capture.output" "safeEval" "mergeLists" "resume.default" "resume" "<Anonymous>" 
"axis" "Axis.default" "Axis" "localAxis" "plot.default" "plot" "plot2" "plot.data.frame" "plot" "eval" "eval" "withCallingHandlers" "suppressWarnings" "withCallingHandlers" "suppressMessages" "doTryCatch" "tryCatchOne" "tryCatchList" "tryCatch" "try" "eval" "eval" "withVisible" "evalVis" "capture.output" "safeEval" "mergeLists" "resume.default" "resume" "<Anonymous>" 
"readline" "waitUser.default" "<Anonymous>" "resume.default" "resume" "<Anonymous>" 
"readline" "waitUser.default" "<Anonymous>" "resume.default" "resume" "<Anonymous>" 
"readline" "waitUser.default" "<Anonymous>" "resume.default" "resume" "<Anonymous>" 
"readline" "waitUser.default" "<Anonymous>" "resume.default" "resume" "<Anonymous>" 
"readline" "waitUser.default" "<Anonymous>" "resume.default" "resume" "<Anonymous>" 
"do.call" "doTryCatch" "tryCatchOne" "tryCatchList" "tryCatch" ".rs.getHelpFromObject" ".rs.getHelpFunction" "<Anonymous>" 
"as.list.default" "as.list" ".rs.getHelpFromObject" ".rs.getHelpFunction" "<Anonymous>" 
"isBlankRd" "writeWrapped" "writeBlock" "writeContent" "writeSection" "Rd2HTML" "<Anonymous>" ".rs.getHelp" ".rs.getHelpFromObject" ".rs.getHelpFunction" "<Anonymous>" 
".External2" "plot.new" "plot.default" "plot" "plot2" "plot.data.frame" "plot" 
".External2" "plot.new" "plot.default" "plot" "plot2" "plot.data.frame" "plot" 
"axis" "Axis.default" "Axis" "localAxis" "plot.default" "plot" "plot2" "plot.data.frame" "plot" 
".External2" "plot.new" "plot.default" "plot" "plot2" "plot.data.frame" "plot" "eval" "eval" "withCallingHandlers" "suppressWarnings" "withCallingHandlers" "suppressMessages" "doTryCatch" "tryCatchOne" "tryCatchList" "tryCatch" "try" "eval" "eval" "withVisible" "evalVis" "capture.output" "safeEval" "mergeLists" "resume.default" "resume" "<Anonymous>" 
".External2" "plot.new" "plot.default" "plot" "plot2" "plot.data.frame" "plot" "eval" "eval" "withCallingHandlers" "suppressWarnings" "withCallingHandlers" "suppressMessages" "doTryCatch" "tryCatchOne" "tryCatchList" "tryCatch" "try" "eval" "eval" "withVisible" "evalVis" "capture.output" "safeEval" "mergeLists" "resume.default" "resume" "<Anonymous>" 
"readline" "waitUser.default" "<Anonymous>" "resume.default" "resume" "<Anonymous>" 
"readline" "waitUser.default" "<Anonymous>" "resume.default" "resume" "<Anonymous>" 
"readline" "waitUser.default" "<Anonymous>" "resume.default" "resume" "<Anonymous>" 
"readline" "waitUser.default" "<Anonymous>" "resume.default" "resume" "<Anonymous>" 
"readline" "waitUser.default" "<Anonymous>" "resume.default" "resume" "<Anonymous>" 
"readline" "waitUser.default" "<Anonymous>" "resume.default" "resume" "<Anonymous>" 
"readline" "waitUser.default" "<Anonymous>" "resume.default" "resume" "<Anonymous>" 
"readline" "waitUser.default" "<Anonymous>" "resume.default" "resume" "<Anonymous>" 
"readline" "waitUser.default" "<Anonymous>" "resume.default" "resume" "<Anonymous>" 
"file.exists" "path.expand" "normalizePath" "unique" "data" "withCallingHandlers" "suppressWarnings" ".rs.getCompletionsData" "<Anonymous>" 
"fsub" "htmlify" "isBlankLineRd" "addParaBreaks" "writeLines" "writeLinesUTF8" "of1" "writeBlock" "writeContent" "writeSection" "Rd2HTML" "<Anonymous>" ".rs.getHelp" "<Anonymous>" 
"close.connection" "close" "saveRDS" "withCallingHandlers" "suppressWarnings" "withCallingHandlers" "suppressMessages" "saveProgress.default" "saveProgress" "resume.default" "resume" "<Anonymous>" 
"readline" "waitUser.default" "<Anonymous>" "resume.default" "resume" "<Anonymous>" 
"readline" "waitUser.default" "<Anonymous>" "resume.default" "resume" "<Anonymous>" 
"resume.default" "resume" "<Anonymous>" 
".Call" "stri_trim_both" "str_trim" "testResponse.default" "<Anonymous>" "resume.default" "resume" "<Anonymous>" 
"lapply" "sapply" "RdTags" "writeContent" "writeContent" "writeSection" "Rd2HTML" "<Anonymous>" "doTryCatch" "tryCatchOne" "tryCatchList" "tryCatch" "try" "readline" "waitUser.default" "<Anonymous>" "resume.default" "resume" "<Anonymous>" 
"fsub" "htmlify" "isBlankLineRd" "addParaBreaks" "writeLines" "writeLinesUTF8" "of1" "writeBlock" "writeContent" "writeContent" "writeSection" "Rd2HTML" "<Anonymous>" "doTryCatch" "tryCatchOne" "tryCatchList" "tryCatch" "try" "readline" "waitUser.default" "<Anonymous>" "resume.default" "resume" "<Anonymous>" 
"readline" "waitUser.default" "<Anonymous>" "resume.default" "resume" "<Anonymous>" 
"readline" "waitUser.default" "<Anonymous>" "resume.default" "resume" "<Anonymous>" 
"options" "suppressWarnings" "withCallingHandlers" "suppressMessages" "saveProgress.default" "saveProgress" "resume.default" "resume" "<Anonymous>" 
"readline" "waitUser.default" "<Anonymous>" "resume.default" "resume" "<Anonymous>" 
"readline" "waitUser.default" "<Anonymous>" "resume.default" "resume" "<Anonymous>" 
"cat" "resume.default" "resume" "<Anonymous>" 
"ls" "FUN" "lapply" ".rs.objectsOnSearchPath" ".rs.getCompletionsSearchPath" "Reduce" "<Anonymous>" 
"ls" "FUN" "lapply" ".rs.objectsOnSearchPath" ".rs.getCompletionsSearchPath" "Reduce" "<Anonymous>" 
"getwd" "srcfilecopy" "parse" "doTryCatch" "tryCatchOne" "tryCatchList" "tryCatch" "<Anonymous>" 
"ls" "FUN" "lapply" ".rs.objectsOnSearchPath" ".rs.getCompletionsSearchPath" "Reduce" "<Anonymous>" 
"getwd" "srcfilecopy" "parse" "doTryCatch" "tryCatchOne" "tryCatchList" "tryCatch" "<Anonymous>" 
"getwd" "srcfilecopy" "parse" "doTryCatch" "tryCatchOne" "tryCatchList" "tryCatch" "<Anonymous>" 
".External2" "plot.new" "bxp" "do.call" "boxplot.default" "boxplot" "boxplot.formula" "boxplot" 
".External2" "plot.new" "bxp" "do.call" "boxplot.default" "boxplot" "boxplot.formula" "boxplot" 
"paste" "FUN" "lapply" "sapply" "model.frame.default" "<Anonymous>" "eval" "eval" "boxplot.formula" "boxplot" "eval" "eval" "withCallingHandlers" "suppressWarnings" "withCallingHandlers" "suppressMessages" "doTryCatch" "tryCatchOne" "tryCatchList" "tryCatch" "try" "eval" "eval" "withVisible" "evalVis" "capture.output" "safeEval" "mergeLists" "resume.default" "resume" "<Anonymous>" 
".External2" "plot.new" "bxp" "do.call" "boxplot.default" "boxplot" "boxplot.formula" "boxplot" "eval" "eval" "withCallingHandlers" "suppressWarnings" "withCallingHandlers" "suppressMessages" "doTryCatch" "tryCatchOne" "tryCatchList" "tryCatch" "try" "eval" "eval" "withVisible" "evalVis" "capture.output" "safeEval" "mergeLists" "resume.default" "resume" "<Anonymous>" 
"axis" "do.call" "bxp" "do.call" "boxplot.default" "boxplot" "boxplot.formula" "boxplot" "eval" "eval" "withCallingHandlers" "suppressWarnings" "withCallingHandlers" "suppressMessages" "doTryCatch" "tryCatchOne" "tryCatchList" "tryCatch" "try" "eval" "eval" "withVisible" "evalVis" "capture.output" "safeEval" "mergeLists" "resume.default" "resume" "<Anonymous>" 
"readline" "waitUser.default" "<Anonymous>" "resume.default" "resume" "<Anonymous>" 
"readline" "waitUser.default" "<Anonymous>" "resume.default" "resume" "<Anonymous>" 
"readline" "waitUser.default" "<Anonymous>" "resume.default" "resume" "<Anonymous>" 
"readline" "waitUser.default" "<Anonymous>" "resume.default" "resume" "<Anonymous>" 
"readline" "waitUser.default" "<Anonymous>" "resume.default" "resume" "<Anonymous>" 
"readline" "waitUser.default" "<Anonymous>" "resume.default" "resume" "<Anonymous>" 
"readline" "waitUser.default" "<Anonymous>" "resume.default" "resume" "<Anonymous>" 
"[.data.frame" "[" "resume.default" "resume" "<Anonymous>" 
"psub" "htmlify" "isBlankLineRd" "addParaBreaks" "writeLines" "writeLinesUTF8" "of1" "writeBlock" "writeContent" "writeContent" "writeSection" "Rd2HTML" "<Anonymous>" ".rs.getHelp" ".rs.getHelpFromObject" ".rs.getHelpFunction" "<Anonymous>" 
"fsub" "htmlify" "isBlankLineRd" "addParaBreaks" "writeLines" "writeLinesUTF8" "of1" "writeBlock" "writeContent" "writeSection" "Rd2HTML" "<Anonymous>" ".rs.getHelp" ".rs.getHelpFromObject" ".rs.getHelpFunction" "<Anonymous>" 
"close.connection" "close" "Rd2HTML" "<Anonymous>" ".rs.getHelp" ".rs.getHelpFromObject" ".rs.getHelpFunction" "<Anonymous>" 
"getwd" "srcfilecopy" "parse" "withCallingHandlers" "suppressWarnings" "doTryCatch" "tryCatchOne" "tryCatchList" "tryCatch" ".rs.getAnywhere" "<Anonymous>" 
"ls" "FUN" "lapply" ".rs.objectsOnSearchPath" ".rs.getCompletionsSearchPath" "Reduce" "<Anonymous>" 
"diff" "pretty.default" "pretty" "hist.default" "hist" 
".External2" "plot.new" "plot.histogram" "plot" "hist.default" "hist" 
"axis" "plot.histogram" "plot" "hist.default" "hist" 
".External2" "plot.new" "plot.histogram" "plot" "hist.default" "hist" "eval" "eval" "withCallingHandlers" "suppressWarnings" "withCallingHandlers" "suppressMessages" "doTryCatch" "tryCatchOne" "tryCatchList" "tryCatch" "try" "eval" "eval" "withVisible" "evalVis" "capture.output" "safeEval" "mergeLists" "resume.default" "resume" "<Anonymous>" 
".External2" "plot.new" "plot.histogram" "plot" "hist.default" "hist" "eval" "eval" "withCallingHandlers" "suppressWarnings" "withCallingHandlers" "suppressMessages" "doTryCatch" "tryCatchOne" "tryCatchList" "tryCatch" "try" "eval" "eval" "withVisible" "evalVis" "capture.output" "safeEval" "mergeLists" "resume.default" "resume" "<Anonymous>" 
"readline" "waitUser.default" "<Anonymous>" "resume.default" "resume" "<Anonymous>" 
"readline" "waitUser.default" "<Anonymous>" "resume.default" "resume" "<Anonymous>" 
"readline" "waitUser.default" "<Anonymous>" "resume.default" "resume" "<Anonymous>" 
"readline" "waitUser.default" "<Anonymous>" "resume.default" "resume" "<Anonymous>" 
".External" "<Anonymous>" "doTryCatch" "tryCatchOne" "tryCatchList" "tryCatch" "<Anonymous>" "readline" "waitUser.default" "<Anonymous>" "resume.default" "resume" "<Anonymous>" 
"readline" "waitUser.default" "<Anonymous>" "resume.default" "resume" "<Anonymous>" 
"menu" "select.list" "waitUser.mult_question" "<Anonymous>" "resume.default" "resume" "<Anonymous>" 
"lapply" "Reduce" ".rs.getCompletionsPackages" "Reduce" "<Anonymous>" "readline" "coursera_on_demand" "eval" "eval" "testMe" "FUN" "lapply" "testResponse.default" "<Anonymous>" "resume.default" "resume" "<Anonymous>" 
"readline" "coursera_on_demand" "eval" "eval" "testMe" "FUN" "lapply" "testResponse.default" "<Anonymous>" "resume.default" "resume" "<Anonymous>" 
"readline" "coursera_on_demand" "eval" "eval" "testMe" "FUN" "lapply" "testResponse.default" "<Anonymous>" "resume.default" "resume" "<Anonymous>" 
"file.exists" "packageDescription" "withCallingHandlers" "suppressWarnings" "packageVersion" "default_ua" "keep_last" "vapply" "compact" "structure" "request" "request_default" "request_combine" "request_prepare" "request_perform" "<Anonymous>" "coursera_on_demand" "eval" "eval" "testMe" "FUN" "lapply" "testResponse.default" "<Anonymous>" "resume.default" "resume" "<Anonymous>" 
"close.connection" "close" "saveRDS" "withCallingHandlers" "suppressWarnings" "withCallingHandlers" "suppressMessages" "saveProgress.default" "saveProgress" "resume.default" "resume" "<Anonymous>" 
"menu" "select.list" "courseMenu.default" "courseMenu" "mainMenu.default" "mainMenu" "resume.default" "resume" "<Anonymous>" 
"menu" "select.list" "courseMenu.default" "courseMenu" "mainMenu.default" "mainMenu" "resume.default" "resume" "<Anonymous>" 
"menu" "select.list" "courseMenu.default" "courseMenu" "mainMenu.default" "mainMenu" "resume.default" "resume" "<Anonymous>" 
"menu" "select.list" "courseMenu.default" "courseMenu" "mainMenu.default" "mainMenu" "resume.default" "resume" "<Anonymous>" 
"menu" "select.list" "courseMenu.default" "courseMenu" "mainMenu.default" "mainMenu" "resume.default" "resume" "<Anonymous>" 
"menu" "select.list" "courseMenu.default" "courseMenu" "mainMenu.default" "mainMenu" "resume.default" "resume" "<Anonymous>" 
"menu" "select.list" "courseMenu.default" "courseMenu" "mainMenu.default" "mainMenu" "resume.default" "resume" "<Anonymous>" 
"menu" "select.list" "courseMenu.default" "courseMenu" "mainMenu.default" "mainMenu" "resume.default" "resume" "<Anonymous>" 
"menu" "select.list" "courseMenu.default" "courseMenu" "mainMenu.default" "mainMenu" "resume.default" "resume" "<Anonymous>" 
"menu" "select.list" "courseMenu.default" "courseMenu" "mainMenu.default" "mainMenu" "resume.default" "resume" "<Anonymous>" 
"menu" "select.list" "courseMenu.default" "courseMenu" "mainMenu.default" "mainMenu" "resume.default" "resume" "<Anonymous>" 
"menu" "select.list" "courseMenu.default" "courseMenu" "mainMenu.default" "mainMenu" "resume.default" "resume" "<Anonymous>" 
"menu" "select.list" "courseMenu.default" "courseMenu" "mainMenu.default" "mainMenu" "resume.default" "resume" "<Anonymous>" 
"menu" "select.list" "courseMenu.default" "courseMenu" "mainMenu.default" "mainMenu" "resume.default" "resume" "<Anonymous>" 
"menu" "select.list" "courseMenu.default" "courseMenu" "mainMenu.default" "mainMenu" "resume.default" "resume" "<Anonymous>" 
"menu" "select.list" "courseMenu.default" "courseMenu" "mainMenu.default" "mainMenu" "resume.default" "resume" "<Anonymous>" 
"menu" "select.list" "courseMenu.default" "courseMenu" "mainMenu.default" "mainMenu" "resume.default" "resume" "<Anonymous>" 
"menu" "select.list" "courseMenu.default" "courseMenu" "mainMenu.default" "mainMenu" "resume.default" "resume" "<Anonymous>" 
"save" "save.image" "sys.save.image" 
